-I: Adding /apps/cuda/11.0.207/gcc/9.3.0/amber/20/dat/leap/prep to search path.
-I: Adding /apps/cuda/11.0.207/gcc/9.3.0/amber/20/dat/leap/lib to search path.
-I: Adding /apps/cuda/11.0.207/gcc/9.3.0/amber/20/dat/leap/parm to search path.
-I: Adding /apps/cuda/11.0.207/gcc/9.3.0/amber/20/dat/leap/cmd to search path.
-f: Source leap.in.

Welcome to LEaP!
(no leaprc in search path)
Sourcing: ./leap.in
----- Source: /apps/cuda/11.0.207/gcc/9.3.0/amber/20/dat/leap/cmd/leaprc.protein.ff14SB
----- Source of /apps/cuda/11.0.207/gcc/9.3.0/amber/20/dat/leap/cmd/leaprc.protein.ff14SB done
Log file: ./leap.log
Loading parameters: /apps/cuda/11.0.207/gcc/9.3.0/amber/20/dat/leap/parm/parm10.dat
Reading title:
PARM99 + frcmod.ff99SB + frcmod.parmbsc0 + OL3 for RNA
Loading parameters: /apps/cuda/11.0.207/gcc/9.3.0/amber/20/dat/leap/parm/frcmod.ff14SB
Reading force field modification type file (frcmod)
Reading title:
ff14SB protein backbone and sidechain parameters
Loading library: /apps/cuda/11.0.207/gcc/9.3.0/amber/20/dat/leap/lib/amino12.lib
Loading library: /apps/cuda/11.0.207/gcc/9.3.0/amber/20/dat/leap/lib/aminoct12.lib
Loading library: /apps/cuda/11.0.207/gcc/9.3.0/amber/20/dat/leap/lib/aminont12.lib
----- Source: /apps/cuda/11.0.207/gcc/9.3.0/amber/20/dat/leap/cmd/leaprc.gaff
----- Source of /apps/cuda/11.0.207/gcc/9.3.0/amber/20/dat/leap/cmd/leaprc.gaff done
Log file: ./leap.log
Loading parameters: /apps/cuda/11.0.207/gcc/9.3.0/amber/20/dat/leap/parm/gaff.dat
Reading title:
AMBER General Force Field for organic molecules (Version 1.81, May 2017)
----- Source: /apps/cuda/11.0.207/gcc/9.3.0/amber/20/dat/leap/cmd/leaprc.water.tip3p
----- Source of /apps/cuda/11.0.207/gcc/9.3.0/amber/20/dat/leap/cmd/leaprc.water.tip3p done
Loading library: /apps/cuda/11.0.207/gcc/9.3.0/amber/20/dat/leap/lib/atomic_ions.lib
Loading library: /apps/cuda/11.0.207/gcc/9.3.0/amber/20/dat/leap/lib/solvents.lib
Loading parameters: /apps/cuda/11.0.207/gcc/9.3.0/amber/20/dat/leap/parm/frcmod.tip3p
Reading force field modification type file (frcmod)
Reading title:
This is the additional/replacement parameter set for TIP3P water
Loading parameters: /apps/cuda/11.0.207/gcc/9.3.0/amber/20/dat/leap/parm/frcmod.ions1lm_126_tip3p
Reading force field modification type file (frcmod)
Reading title:
Li/Merz ion parameters of monovalent ions for TIP3P water model (12-6 normal usage set)
Loading parameters: /apps/cuda/11.0.207/gcc/9.3.0/amber/20/dat/leap/parm/frcmod.ionsjc_tip3p
Reading force field modification type file (frcmod)
Reading title:
Monovalent ion parameters for Ewald and TIP3P water from Joung & Cheatham JPCB (2008)
Loading parameters: /apps/cuda/11.0.207/gcc/9.3.0/amber/20/dat/leap/parm/frcmod.ions234lm_126_tip3p
Reading force field modification type file (frcmod)
Reading title:
Li/Merz ion parameters of divalent to tetravalent ions for TIP3P water model (12-6 normal usage set)
Loading parameters: /apps/cuda/11.0.207/gcc/9.3.0/amber/20/dat/leap/parm/frcmod.ionsjc_tip3p
Reading force field modification type file (frcmod)
Reading title:
Monovalent ion parameters for Ewald and TIP3P water from Joung & Cheatham JPCB (2008)
Using ArgH and AspGluO modified Bondi2 radii
Loading PDB file: ../001_Structure/7l14_final.pdb
-- residue 448: duplicate [ CA] atoms (total 2)
-- residue 448: duplicate [ CB] atoms (total 2)
-- residue 448: duplicate [ CG] atoms (total 2)
-- residue 448: duplicate [ ND2] atoms (total 2)
-- residue 448: duplicate [ OD1] atoms (total 2)

/apps/cuda/11.0.207/gcc/9.3.0/amber/20/bin/teLeap: Warning!
Atom names in each residue should be unique.
     (Same-name atoms are handled by using the first
      occurrence and by ignoring the rest.
      Frequently duplicate atom names stem from alternate
      conformations in the PDB file.)

  total atoms in file: 4741
  Leap added 4628 missing atoms according to residue templates:
       4628 H / lone pairs
Loading parameters: ../002_Parameters/mani_ligand.am1bcc.frcmod
Reading force field modification type file (frcmod)
Reading title:
Remark line goes here
Loading Mol2 file: ../002_Parameters/mani_ligand_antechamber.mol2
Reading MOLECULE named LIG
Writing pdb file: mpro.gas.complex.pdb

/apps/cuda/11.0.207/gcc/9.3.0/amber/20/bin/teLeap: Warning!
 Converting N-terminal residue name to PDB format: NSER -> SER

/apps/cuda/11.0.207/gcc/9.3.0/amber/20/bin/teLeap: Warning!
 Converting C-terminal residue name to PDB format: CGLN -> GLN

/apps/cuda/11.0.207/gcc/9.3.0/amber/20/bin/teLeap: Warning!
 Converting N-terminal residue name to PDB format: NSER -> SER

/apps/cuda/11.0.207/gcc/9.3.0/amber/20/bin/teLeap: Warning!
 Converting C-terminal residue name to PDB format: CGLN -> GLN
Checking Unit.

/apps/cuda/11.0.207/gcc/9.3.0/amber/20/bin/teLeap: Warning!
The unperturbed charge of the unit (-8.001002) is not zero.

/apps/cuda/11.0.207/gcc/9.3.0/amber/20/bin/teLeap: Note.
Ignoring the warning from Unit Checking.

Building topology.
Building atom parameters.
Building bond parameters.
Building angle parameters.
Building proper torsion parameters.
Building improper torsion parameters.
 total 1974 improper torsions applied
Building H-Bond parameters.
Incorporating Non-Bonded adjustments.
Not Marking per-residue atom chain types.
Marking per-residue atom chain types.
  (Residues lacking connect0/connect1 - 
   these don't have chain types marked:

	res	total affected

	CGLN	2
	LIG	1
	NSER	2
  )
 (no restraints)
Checking Unit.

/apps/cuda/11.0.207/gcc/9.3.0/amber/20/bin/teLeap: Warning!
The unperturbed charge of the unit (-8.000000) is not zero.

/apps/cuda/11.0.207/gcc/9.3.0/amber/20/bin/teLeap: Note.
Ignoring the warning from Unit Checking.

Building topology.
Building atom parameters.
Building bond parameters.
Building angle parameters.
Building proper torsion parameters.
Building improper torsion parameters.
 total 1948 improper torsions applied
Building H-Bond parameters.
Incorporating Non-Bonded adjustments.
Not Marking per-residue atom chain types.
Marking per-residue atom chain types.
  (Residues lacking connect0/connect1 - 
   these don't have chain types marked:

	res	total affected

	CGLN	2
	NSER	2
  )
 (no restraints)
Checking Unit.
Building topology.
Building atom parameters.
Building bond parameters.
Building angle parameters.
Building proper torsion parameters.
Building improper torsion parameters.
 total 26 improper torsions applied
Building H-Bond parameters.
Incorporating Non-Bonded adjustments.
Not Marking per-residue atom chain types.
Marking per-residue atom chain types.
  (Residues lacking connect0/connect1 - 
   these don't have chain types marked:

	res	total affected

	LIG	1
  )
 (no restraints)
Scaling up box by a factor of 1.233484 to meet diagonal cut criterion
  Solute vdw bounding box:              87.130 63.984 70.438
  Total bounding box for atom centers:  136.469 136.469 136.469
      (box expansion for 'iso' is  37.2%)
  Solvent unit box:                     18.774 18.774 18.774
  Volume: 1298938.180 A^3 (oct)
  Total mass 724070.874 amu,  Density 0.926 g/cc
  Added 36405 residues.

/apps/cuda/11.0.207/gcc/9.3.0/amber/20/bin/teLeap: Warning!
addIons: 1st Ion & target unit have charges of the same sign:
     unit charge = -8.001; ion1 charge = -1;
     can't neutralize.
8 Na+ ions required to neutralize.
Adding 8 counter ions to "solvcomplex" using 1A grid
Grid extends from solute vdw + 2.85  to  8.85
Resolution:      1.00 Angstrom.
Solvent present: replacing closest with ion
	 when steric overlaps occur
Calculating grid charges
(Replacing solvent molecule)
Placed Na+ in solvcomplex at (25.03, -15.96, -12.98).
(Replacing solvent molecule)
Placed Na+ in solvcomplex at (13.88, 7.62, 15.99).
(Replacing solvent molecule)
Placed Na+ in solvcomplex at (-21.49, 11.93, -34.17).
(Replacing solvent molecule)
Placed Na+ in solvcomplex at (13.14, -18.70, 38.25).
(Replacing solvent molecule)
Placed Na+ in solvcomplex at (-20.08, 20.53, 13.81).
(Replacing solvent molecule)
Placed Na+ in solvcomplex at (17.75, -30.59, 30.03).
(Replacing solvent molecule)
Placed Na+ in solvcomplex at (27.23, -6.47, 6.11).
(Replacing solvent molecule)
Placed Na+ in solvcomplex at (-6.03, -20.70, -13.86).

Done adding ions.
Adding 117 counter ions to "solvcomplex". 36280 solvent molecules will remain.
0: Placed Cl- in solvcomplex at (-41.08, -1.23, -12.81).
0: Placed Cl- in solvcomplex at (-14.05, -19.35, 51.69).
0: Placed Cl- in solvcomplex at (25.92, -11.55, 38.33).
0: Placed Cl- in solvcomplex at (15.72, 50.85, 2.11).
0: Placed Cl- in solvcomplex at (12.67, -41.00, 47.05).
0: Placed Cl- in solvcomplex at (-36.08, -43.85, 4.51).
0: Placed Cl- in solvcomplex at (16.36, 37.28, -31.70).
0: Placed Cl- in solvcomplex at (25.01, -7.88, 24.34).
0: Placed Cl- in solvcomplex at (25.92, -34.55, -1.49).
0: Placed Cl- in solvcomplex at (-14.85, -59.82, -15.74).
0: Placed Cl- in solvcomplex at (-55.60, 23.78, -10.42).
0: Placed Cl- in solvcomplex at (31.69, -7.84, -41.35).
0: Placed Cl- in solvcomplex at (-3.14, 29.86, -20.18).
0: Placed Cl- in solvcomplex at (17.70, 17.57, -19.32).
0: Placed Cl- in solvcomplex at (-33.85, -24.66, -43.10).
0: Placed Cl- in solvcomplex at (-27.96, -6.40, 55.73).
0: Placed Cl- in solvcomplex at (-17.49, 53.40, 25.18).
0: Placed Cl- in solvcomplex at (-22.05, 38.20, 0.05).
0: Placed Cl- in solvcomplex at (26.93, 41.05, -23.10).
0: Placed Cl- in solvcomplex at (1.16, -23.52, -41.64).
0: Placed Cl- in solvcomplex at (42.58, -24.59, 20.61).
0: Placed Cl- in solvcomplex at (-48.65, 24.18, 32.66).
0: Placed Cl- in solvcomplex at (-21.31, 9.13, -39.40).
0: Placed Cl- in solvcomplex at (37.02, -35.53, 37.74).
0: Placed Cl- in solvcomplex at (-51.01, 4.41, -37.07).
0: Placed Cl- in solvcomplex at (-11.21, -15.45, 39.88).
0: Placed Cl- in solvcomplex at (-47.47, -33.26, 20.88).
0: Placed Cl- in solvcomplex at (42.47, -27.40, -4.88).
0: Placed Cl- in solvcomplex at (-23.08, 0.78, -50.24).
0: Placed Cl- in solvcomplex at (52.78, -29.18, -9.49).
0: Placed Cl- in solvcomplex at (24.08, -20.29, 22.63).
0: Placed Cl- in solvcomplex at (46.39, 22.36, -8.77).
0: Placed Cl- in solvcomplex at (21.72, -40.54, 13.50).
0: Placed Cl- in solvcomplex at (-14.77, 38.40, -9.80).
0: Placed Cl- in solvcomplex at (26.95, -22.17, -42.80).
0: Placed Cl- in solvcomplex at (-51.63, -40.63, -14.02).
0: Placed Cl- in solvcomplex at (22.96, -34.69, 18.24).
0: Placed Cl- in solvcomplex at (15.65, -36.03, -40.41).
0: Placed Cl- in solvcomplex at (28.59, 30.73, 30.03).
0: Placed Cl- in solvcomplex at (-35.33, -18.42, -9.95).
0: Placed Cl- in solvcomplex at (-24.50, -25.82, -39.80).
0: Placed Cl- in solvcomplex at (-27.96, -58.28, 13.08).
0: Placed Cl- in solvcomplex at (12.70, -38.47, 45.19).
0: Placed Cl- in solvcomplex at (-26.21, 20.42, -10.82).
0: Placed Cl- in solvcomplex at (7.44, 24.61, -14.29).
0: Placed Cl- in solvcomplex at (-36.42, 9.24, 9.42).
0: Placed Cl- in solvcomplex at (49.85, 43.28, -25.83).
0: Placed Cl- in solvcomplex at (58.77, -11.99, -6.46).
0: Placed Cl- in solvcomplex at (-3.06, 35.44, -19.61).
0: Placed Cl- in solvcomplex at (55.94, -34.31, -20.22).
0: Placed Cl- in solvcomplex at (-44.74, 13.77, -32.05).
0: Placed Cl- in solvcomplex at (26.54, 42.47, 21.07).
0: Placed Cl- in solvcomplex at (7.42, -11.73, 56.21).
0: Placed Cl- in solvcomplex at (-52.09, -13.02, -19.90).
0: Placed Cl- in solvcomplex at (-42.07, 34.29, 31.52).
0: Placed Cl- in solvcomplex at (-18.07, -10.60, 6.90).
0: Placed Cl- in solvcomplex at (49.09, 37.08, -27.56).
0: Placed Cl- in solvcomplex at (-57.40, 28.54, 32.08).
0: Placed Cl- in solvcomplex at (7.44, 24.61, -40.84).
0: Placed Cl- in solvcomplex at (8.63, -35.83, -32.93).
0: Placed Cl- in solvcomplex at (21.67, -7.52, -57.12).
0: Placed Cl- in solvcomplex at (-17.00, -17.27, 8.07).
0: Placed Cl- in solvcomplex at (-6.17, -0.33, -26.13).
0: Placed Cl- in solvcomplex at (8.40, 37.29, -19.59).
0: Placed Cl- in solvcomplex at (-5.51, -23.17, -35.14).
0: Placed Cl- in solvcomplex at (46.71, -8.30, 0.30).
0: Placed Cl- in solvcomplex at (41.89, -36.73, -23.51).
0: Placed Cl- in solvcomplex at (-15.95, -54.90, -27.56).
0: Placed Cl- in solvcomplex at (-30.77, -41.97, -33.50).
0: Placed Cl- in solvcomplex at (-26.61, 46.66, 19.55).
0: Placed Cl- in solvcomplex at (-32.15, -52.19, 13.70).
0: Placed Cl- in solvcomplex at (-30.66, 38.18, 45.19).
0: Placed Cl- in solvcomplex at (-36.42, 32.23, -3.85).
0: Placed Cl- in solvcomplex at (-14.74, 29.81, 29.00).
0: Placed Cl- in solvcomplex at (-18.05, 36.83, 18.67).
0: Placed Cl- in solvcomplex at (-43.27, -8.60, -22.84).
0: Placed Cl- in solvcomplex at (-3.68, 23.42, -58.31).
0: Placed Cl- in solvcomplex at (-23.15, -5.04, 50.19).
0: Placed Cl- in solvcomplex at (-38.80, 41.36, 26.36).
0: Placed Cl- in solvcomplex at (20.81, 58.85, 23.53).
0: Placed Cl- in solvcomplex at (-26.99, -44.30, 1.11).
0: Placed Cl- in solvcomplex at (-2.85, -8.42, -47.99).
0: Placed Cl- in solvcomplex at (32.15, -44.80, 18.03).
0: Placed Cl- in solvcomplex at (27.21, 32.34, 27.66).
0: Placed Cl- in solvcomplex at (26.36, -47.93, 34.62).
0: Placed Cl- in solvcomplex at (56.18, -19.01, -15.27).
0: Placed Cl- in solvcomplex at (-36.08, 7.22, 57.43).
0: Placed Cl- in solvcomplex at (-33.99, -20.37, -2.91).
0: Placed Cl- in solvcomplex at (-0.97, 37.45, -9.85).
0: Placed Cl- in solvcomplex at (-6.28, -21.73, -23.92).
0: Placed Cl- in solvcomplex at (42.83, 9.01, -20.73).
0: Placed Cl- in solvcomplex at (-50.74, -5.48, 0.58).
0: Placed Cl- in solvcomplex at (-5.36, 2.30, -46.38).
0: Placed Cl- in solvcomplex at (-2.38, -29.11, 39.95).
0: Placed Cl- in solvcomplex at (5.02, -15.22, 49.55).
0: Placed Cl- in solvcomplex at (8.50, -39.88, 2.54).
0: Placed Cl- in solvcomplex at (-40.10, 6.14, 49.50).
0: Placed Cl- in solvcomplex at (42.99, -29.47, -8.52).
0: Placed Cl- in solvcomplex at (1.75, -18.98, -20.22).
0: Placed Cl- in solvcomplex at (27.26, -36.57, -29.66).
0: Placed Cl- in solvcomplex at (-24.82, 22.19, -6.91).
0: Placed Cl- in solvcomplex at (-45.74, 24.55, 0.12).
0: Placed Cl- in solvcomplex at (45.66, -18.70, -14.85).
0: Placed Cl- in solvcomplex at (43.30, 29.35, -15.82).
0: Placed Cl- in solvcomplex at (-10.32, -21.52, -2.45).
0: Placed Cl- in solvcomplex at (38.86, 50.99, -0.64).
0: Placed Cl- in solvcomplex at (-38.33, 15.44, -30.10).
0: Placed Cl- in solvcomplex at (-51.52, -6.40, -37.72).
0: Placed Cl- in solvcomplex at (56.47, -1.23, 13.74).
0: Placed Cl- in solvcomplex at (-35.21, 37.74, -1.60).
0: Placed Cl- in solvcomplex at (56.91, 9.20, -33.53).
0: Placed Cl- in solvcomplex at (10.28, -52.26, 37.02).
0: Placed Cl- in solvcomplex at (-6.65, 45.74, -41.20).
0: Placed Cl- in solvcomplex at (-49.37, 33.89, -14.88).
0: Placed Cl- in solvcomplex at (39.38, 25.23, -32.59).
0: Placed Cl- in solvcomplex at (-54.01, 11.93, -34.17).
0: Placed Cl- in solvcomplex at (30.63, -50.60, 13.92).
Adding 117 counter ions to "solvcomplex". 36163 solvent molecules will remain.
0: Placed Na+ in solvcomplex at (28.62, 45.14, -24.10).
0: Placed Na+ in solvcomplex at (21.03, 27.91, 33.71).
0: Placed Na+ in solvcomplex at (20.21, -12.70, -69.29).
0: Placed Na+ in solvcomplex at (42.71, 35.57, -32.66).
0: Placed Na+ in solvcomplex at (-51.79, 10.37, -3.92).
0: Placed Na+ in solvcomplex at (57.62, -13.91, -35.55).
0: Placed Na+ in solvcomplex at (12.97, -13.34, -6.23).
0: Placed Na+ in solvcomplex at (0.85, -17.18, 38.55).
0: Placed Na+ in solvcomplex at (-7.88, 37.07, 30.37).
0: Placed Na+ in solvcomplex at (15.34, 2.79, -28.64).
0: Placed Na+ in solvcomplex at (12.67, -41.00, 20.50).
0: Placed Na+ in solvcomplex at (-23.15, -5.04, 23.64).
0: Placed Na+ in solvcomplex at (-37.27, -29.82, 30.89).
0: Placed Na+ in solvcomplex at (-8.31, 24.00, -43.59).
0: Placed Na+ in solvcomplex at (22.08, -38.61, -7.49).
0: Placed Na+ in solvcomplex at (-56.09, 10.72, -39.18).
0: Placed Na+ in solvcomplex at (-22.05, 15.21, 66.43).
0: Placed Na+ in solvcomplex at (-25.08, -44.37, -27.56).
0: Placed Na+ in solvcomplex at (-43.94, 33.80, 13.59).
0: Placed Na+ in solvcomplex at (-24.99, -4.03, 13.13).
0: Placed Na+ in solvcomplex at (4.80, -52.58, -20.39).
0: Placed Na+ in solvcomplex at (-47.07, 29.67, -10.50).
0: Placed Na+ in solvcomplex at (19.29, 46.01, -25.28).
0: Placed Na+ in solvcomplex at (55.80, -10.13, 13.81).
0: Placed Na+ in solvcomplex at (20.81, -10.13, 63.36).
0: Placed Na+ in solvcomplex at (26.66, 35.75, -35.56).
0: Placed Na+ in solvcomplex at (-14.40, -8.11, 57.43).
0: Placed Na+ in solvcomplex at (-21.69, -22.85, -4.02).
0: Placed Na+ in solvcomplex at (-28.61, 4.41, 1.97).
0: Placed Na+ in solvcomplex at (-4.76, -29.82, -48.77).
0: Placed Na+ in solvcomplex at (-11.49, 4.91, 46.99).
0: Placed Na+ in solvcomplex at (-16.70, 43.42, 4.27).
0: Placed Na+ in solvcomplex at (-25.39, 37.33, -23.77).
0: Placed Na+ in solvcomplex at (35.67, 8.01, -31.53).
0: Placed Na+ in solvcomplex at (42.86, 5.73, 33.08).
0: Placed Na+ in solvcomplex at (2.55, -4.59, -65.13).
0: Placed Na+ in solvcomplex at (-49.22, 43.42, 30.82).
0: Placed Na+ in solvcomplex at (42.62, 26.67, -36.72).
0: Placed Na+ in solvcomplex at (-9.78, -45.77, -9.82).
0: Placed Na+ in solvcomplex at (-43.73, 30.54, 39.88).
0: Placed Na+ in solvcomplex at (50.63, -36.19, -8.77).
0: Placed Na+ in solvcomplex at (-5.53, -35.70, 2.63).
0: Placed Na+ in solvcomplex at (-40.10, -16.86, 9.67).
0: Placed Na+ in solvcomplex at (19.29, -14.47, -27.43).
0: Placed Na+ in solvcomplex at (-5.82, -30.55, 49.55).
0: Placed Na+ in solvcomplex at (21.53, 17.57, -47.43).
0: Placed Na+ in solvcomplex at (-42.48, 15.38, -0.86).
0: Placed Na+ in solvcomplex at (21.62, 4.80, -56.50).
0: Placed Na+ in solvcomplex at (-9.45, 17.67, 53.95).
0: Placed Na+ in solvcomplex at (-57.51, -27.02, 26.40).
0: Placed Na+ in solvcomplex at (28.11, -49.41, -40.33).
0: Placed Na+ in solvcomplex at (8.32, 41.47, 3.41).
0: Placed Na+ in solvcomplex at (-41.50, 45.84, 5.37).
0: Placed Na+ in solvcomplex at (46.97, 35.39, 6.90).
0: Placed Na+ in solvcomplex at (-18.22, 40.51, 53.69).
0: Placed Na+ in solvcomplex at (-10.80, -40.54, -39.60).
0: Placed Na+ in solvcomplex at (11.69, -1.85, -67.66).
0: Placed Na+ in solvcomplex at (4.08, -45.10, -4.22).
0: Placed Na+ in solvcomplex at (44.48, -21.16, -16.08).
0: Placed Na+ in solvcomplex at (15.21, -44.90, 41.42).
0: Placed Na+ in solvcomplex at (6.23, 56.92, 35.14).
0: Placed Na+ in solvcomplex at (15.73, -2.46, 61.84).
0: Placed Na+ in solvcomplex at (-39.26, 37.13, 12.21).
0: Placed Na+ in solvcomplex at (29.31, 13.21, 5.53).
0: Placed Na+ in solvcomplex at (-22.94, 53.80, 35.07).
0: Placed Na+ in solvcomplex at (-4.54, 28.08, -24.10).
0: Placed Na+ in solvcomplex at (-20.52, -4.19, 15.44).
0: Placed Na+ in solvcomplex at (31.65, 5.20, 10.26).
0: Placed Na+ in solvcomplex at (-6.03, -43.69, -27.13).
0: Placed Na+ in solvcomplex at (-27.64, -10.46, 28.66).
0: Placed Na+ in solvcomplex at (-57.03, 28.41, -1.65).
0: Placed Na+ in solvcomplex at (-41.01, 33.24, -3.21).
0: Placed Na+ in solvcomplex at (22.84, 11.14, -37.66).
0: Placed Na+ in solvcomplex at (-29.66, 47.06, 9.13).
0: Placed Na+ in solvcomplex at (39.68, -7.24, 47.89).
0: Placed Na+ in solvcomplex at (27.15, -43.68, -46.38).
0: Placed Na+ in solvcomplex at (-40.32, -23.04, 15.99).
0: Placed Na+ in solvcomplex at (-41.52, 20.32, -6.06).
0: Placed Na+ in solvcomplex at (5.95, -3.42, 59.47).
0: Placed Na+ in solvcomplex at (-34.91, 15.36, 27.82).
0: Placed Na+ in solvcomplex at (-38.68, -1.94, 34.62).
0: Placed Na+ in solvcomplex at (-33.49, -31.53, -23.12).
0: Placed Na+ in solvcomplex at (-52.80, 25.33, 14.13).
0: Placed Na+ in solvcomplex at (48.60, -20.26, 3.45).
0: Placed Na+ in solvcomplex at (-30.40, -58.99, -14.53).
0: Placed Na+ in solvcomplex at (-47.76, -18.75, -13.78).
0: Placed Na+ in solvcomplex at (3.63, 44.50, 31.95).
0: Placed Na+ in solvcomplex at (29.33, -36.69, -27.77).
0: Placed Na+ in solvcomplex at (45.48, -43.66, 12.02).
0: Placed Na+ in solvcomplex at (-17.33, -60.82, 9.41).
0: Placed Na+ in solvcomplex at (-8.17, -14.06, -50.99).
0: Placed Na+ in solvcomplex at (25.87, 45.74, -14.65).
0: Placed Na+ in solvcomplex at (57.81, 4.73, 33.45).
0: Placed Na+ in solvcomplex at (-3.40, -43.22, -3.62).
0: Placed Na+ in solvcomplex at (-16.08, 25.87, 23.49).
0: Placed Na+ in solvcomplex at (-16.87, 31.74, 19.44).
0: Placed Na+ in solvcomplex at (-29.42, -24.32, 41.08).
0: Placed Na+ in solvcomplex at (31.76, 16.96, -48.50).
0: Placed Na+ in solvcomplex at (-46.50, 14.53, 32.92).
0: Placed Na+ in solvcomplex at (-44.23, 12.86, 50.08).
0: Placed Na+ in solvcomplex at (-52.91, -4.04, -34.86).
0: Placed Na+ in solvcomplex at (27.40, 14.15, 15.31).
0: Placed Na+ in solvcomplex at (7.63, -57.67, 11.87).
0: Placed Na+ in solvcomplex at (-13.98, -54.45, -33.46).
0: Placed Na+ in solvcomplex at (15.18, -14.83, 62.51).
0: Placed Na+ in solvcomplex at (-19.15, 54.66, -17.04).
0: Placed Na+ in solvcomplex at (49.66, -10.24, -37.37).
0: Placed Na+ in solvcomplex at (13.51, 16.60, 28.66).
0: Placed Na+ in solvcomplex at (13.93, -31.98, 1.26).
0: Placed Na+ in solvcomplex at (3.33, 53.44, -2.21).
0: Placed Na+ in solvcomplex at (-26.61, 0.67, 19.55).
0: Placed Na+ in solvcomplex at (49.79, -18.75, -13.78).
0: Placed Na+ in solvcomplex at (51.81, 8.52, 38.95).
0: Placed Na+ in solvcomplex at (-7.23, -18.26, -32.93).
0: Placed Na+ in solvcomplex at (40.05, -4.03, -13.42).
0: Placed Na+ in solvcomplex at (1.53, -43.33, -10.96).
0: Placed Na+ in solvcomplex at (48.91, 24.18, 6.11).
Writing pdb file: mpro.wet.complex.pdb
   printing CRYST1 record to PDB file with box info

/apps/cuda/11.0.207/gcc/9.3.0/amber/20/bin/teLeap: Warning!
 Converting N-terminal residue name to PDB format: NSER -> SER

/apps/cuda/11.0.207/gcc/9.3.0/amber/20/bin/teLeap: Warning!
 Converting C-terminal residue name to PDB format: CGLN -> GLN

/apps/cuda/11.0.207/gcc/9.3.0/amber/20/bin/teLeap: Warning!
 Converting N-terminal residue name to PDB format: NSER -> SER

/apps/cuda/11.0.207/gcc/9.3.0/amber/20/bin/teLeap: Warning!
 Converting C-terminal residue name to PDB format: CGLN -> GLN
Total unperturbed charge:  -0.001002
Total perturbed charge:    -0.001002
Checking 'solvcomplex'....

/apps/cuda/11.0.207/gcc/9.3.0/amber/20/bin/teLeap: Warning!
Close contact of 1.299603 angstroms between .R<TYR 488>.A<HH 15> and .R<ILE 412>.A<H 2>

/apps/cuda/11.0.207/gcc/9.3.0/amber/20/bin/teLeap: Warning!
Close contact of 1.331696 angstroms between .R<SER 450>.A<HG 9> and .R<PHE 446>.A<HB3 7>

/apps/cuda/11.0.207/gcc/9.3.0/amber/20/bin/teLeap: Warning!
Close contact of 1.076944 angstroms between .R<LEU 447>.A<H 2> and .R<TYR 424>.A<HH 15>

/apps/cuda/11.0.207/gcc/9.3.0/amber/20/bin/teLeap: Warning!
Close contact of 1.170817 angstroms between .R<SER 419>.A<HG 9> and .R<PHE 314>.A<H 2>

/apps/cuda/11.0.207/gcc/9.3.0/amber/20/bin/teLeap: Warning!
Close contact of 1.441613 angstroms between .R<THR 404>.A<HG1 12> and .R<ASP 339>.A<H 2>

/apps/cuda/11.0.207/gcc/9.3.0/amber/20/bin/teLeap: Warning!
Close contact of 1.461495 angstroms between .R<PHE 294>.A<HB2 6> and .R<LIG 613>.A<HC26 75>

/apps/cuda/11.0.207/gcc/9.3.0/amber/20/bin/teLeap: Warning!
Close contact of 1.198108 angstroms between .R<TYR 182>.A<HH 15> and .R<ILE 106>.A<H 2>

/apps/cuda/11.0.207/gcc/9.3.0/amber/20/bin/teLeap: Warning!
Close contact of 1.388595 angstroms between .R<SER 144>.A<HG 9> and .R<PHE 140>.A<HB3 7>

/apps/cuda/11.0.207/gcc/9.3.0/amber/20/bin/teLeap: Warning!
Close contact of 0.938253 angstroms between .R<LEU 141>.A<H 2> and .R<TYR 118>.A<HH 15>

/apps/cuda/11.0.207/gcc/9.3.0/amber/20/bin/teLeap: Warning!
Close contact of 1.038655 angstroms between .R<SER 113>.A<HG 9> and .R<PHE 8>.A<H 2>

/apps/cuda/11.0.207/gcc/9.3.0/amber/20/bin/teLeap: Warning!
Close contact of 1.440863 angstroms between .R<THR 98>.A<HG1 12> and .R<ASP 33>.A<H 2>

/apps/cuda/11.0.207/gcc/9.3.0/amber/20/bin/teLeap: Warning!
Close contact of 1.457509 angstroms between .R<LIG 613>.A<HC22 71> and .R<LIG 613>.A<H1 33>
Checking parameters for unit 'solvcomplex'.
Checking for bond parameters.
Checking for angle parameters.
check:  Warnings: 12
Unit is OK.
Checking Unit.
Building topology.
Building atom parameters.
Building bond parameters.
Building angle parameters.
Building proper torsion parameters.
Building improper torsion parameters.
 total 1974 improper torsions applied
Building H-Bond parameters.
Incorporating Non-Bonded adjustments.
Not Marking per-residue atom chain types.
Marking per-residue atom chain types.
  (Residues lacking connect0/connect1 - 
   these don't have chain types marked:

	res	total affected

	CGLN	2
	LIG	1
	NSER	2
	WAT	36163
  )
 (no restraints)
	Quit

Exiting LEaP: Errors = 0; Warnings = 24; Notes = 2.

       _________________________________________
   .'`                                           `'.
   |   _________________________________________   |
   | '\.---------------------------------------./' |
   | ||                                         || |
   | || PPPPPPP                                 || |
   | || P       P                               || |
   | || PPPPPPP                                 || |
   | || P                                       || |
   | || P   aaa  rrrrr.    m   m   eee  ddd     || |
   | || P  a   a r    r  m   m   m e    d   d   || |
   | || P  aaaaa r-rr.   m   m   m eee  d    d  || |
   | || P  a   a r    r  m   m   m e    d   d   || |
   | || P  a   a r     r m   m   m eee  ddd     || |
   | ||                                         || |
   | '/\_______________________________________/\' |
   '  `-----------------------------------------'  '
    \                                     .-.     /
     '.__~~~ ____()__()_()()() __________((_))__.'
    _________________';========;'__________________
   /  _/__/_//_//   _/_/    /_//_//   __/__/_//    \
  /_/__/_/_/   __/ _/.-'''''-.   /_//       _/ _//_/\
 / _.-..-..-.     .'           `.     .-..-..-./_//_||
/ /_| || || |-. .'               `. .-| || || | /_/ //
----\ '  '   ' /                   \ `   '  ' /----((
 ~~~~\      / /                     \ \      /~~~~~ ))
      `'--'`-:                       :-`'--'`   __,</
         \   |                       |   /   .'`  `\)
          `'-:                       :-'`   | `-../|
             '                       '      \`-'`|/
              \                     /mx      `'-'
               '.                 .'
                 '.             .'
                   `'-..___..-'`

ParmEd: a Parameter file Editor


Loaded Amber topology file mpro.wet.complex.parm7
['parm.in']
Reading actions from parm.in

Repartitioning hydrogen masses to 3.024 daltons. Not changing water hydrogen masses.
Outputting Amber topology file mpro.wet.complex.hmr.parm7
Done!
