log started: Fri Nov 26 12:30:07 2021

Log file: ./leap.log
>> #
>> # ----- leaprc for loading the ff14SB force field
>> # ----- NOTE: this is designed for PDB format 3!
>> #
>> #	load atom type hybridizations
>> #
>> addAtomTypes {
>> 	{ "H"   "H" "sp3" }
>> 	{ "HO"  "H" "sp3" }
>> 	{ "HS"  "H" "sp3" }
>> 	{ "H1"  "H" "sp3" }
>> 	{ "H2"  "H" "sp3" }
>> 	{ "H3"  "H" "sp3" }
>> 	{ "H4"  "H" "sp3" }
>> 	{ "H5"  "H" "sp3" }
>> 	{ "HW"  "H" "sp3" }
>> 	{ "HC"  "H" "sp3" }
>> 	{ "HA"  "H" "sp3" }
>> 	{ "HP"  "H" "sp3" }
>> 	{ "HZ"  "H" "sp3" }
>> 	{ "OH"  "O" "sp3" }
>> 	{ "OS"  "O" "sp3" }
>> 	{ "O"   "O" "sp2" }
>> 	{ "O2"  "O" "sp2" }
>> 	{ "OP"  "O" "sp2" }
>> 	{ "OW"  "O" "sp3" }
>> 	{ "CT"  "C" "sp3" }
>> 	{ "CX"  "C" "sp3" }
>> 	{ "C8"  "C" "sp3" }
>> 	{ "2C"  "C" "sp3" }
>> 	{ "3C"  "C" "sp3" }
>> 	{ "CH"  "C" "sp3" }
>> 	{ "CS"  "C" "sp2" }
>> 	{ "C"   "C" "sp2" }
>> 	{ "CO"   "C" "sp2" }
>> 	{ "C*"  "C" "sp2" }
>> 	{ "CA"  "C" "sp2" }
>> 	{ "CB"  "C" "sp2" }
>> 	{ "CC"  "C" "sp2" }
>> 	{ "CN"  "C" "sp2" }
>> 	{ "CM"  "C" "sp2" }
>> 	{ "CK"  "C" "sp2" }
>> 	{ "CQ"  "C" "sp2" }
>> 	{ "CD"  "C" "sp2" }
>> 	{ "C5"  "C" "sp2" }
>> 	{ "C4"  "C" "sp2" }
>> 	{ "CP"  "C" "sp2" }
>> 	{ "CI"  "C" "sp3" }
>> 	{ "CJ"  "C" "sp2" }
>> 	{ "CW"  "C" "sp2" }
>> 	{ "CV"  "C" "sp2" }
>> 	{ "CR"  "C" "sp2" }
>> 	{ "CA"  "C" "sp2" }
>> 	{ "CY"  "C" "sp2" }
>> 	{ "C0"  "Ca" "sp3" }
>> 	{ "MG"  "Mg" "sp3" }
>> 	{ "N"   "N" "sp2" }
>> 	{ "NA"  "N" "sp2" }
>> 	{ "N2"  "N" "sp2" }
>> 	{ "N*"  "N" "sp2" }
>> 	{ "NP"  "N" "sp2" }
>> 	{ "NQ"  "N" "sp2" }
>> 	{ "NB"  "N" "sp2" }
>> 	{ "NC"  "N" "sp2" }
>> 	{ "NT"  "N" "sp3" }
>> 	{ "NY"  "N" "sp2" }
>> 	{ "N3"  "N" "sp3" }
>> 	{ "S"   "S" "sp3" }
>> 	{ "SH"  "S" "sp3" }
>> 	{ "P"   "P" "sp3" }
>> 	{ "LP"  ""  "sp3" }
>> 	{ "EP"  ""  "sp3" }
>> 	{ "F"   "F" "sp3" }
>> 	{ "Cl"  "Cl" "sp3" }
>> 	{ "Br"  "Br" "sp3" }
>> 	{ "I"   "I"  "sp3" }
>> }
>> #
>> #	Load the main parameter set.
>> #
>> parm10 = loadamberparams parm10.dat
Loading parameters: /apps/cuda/11.0.207/gcc/9.3.0/amber/20/dat/leap/parm/parm10.dat
Reading title:
PARM99 + frcmod.ff99SB + frcmod.parmbsc0 + OL3 for RNA
>> frcmod14SB = loadamberparams frcmod.ff14SB
Loading parameters: /apps/cuda/11.0.207/gcc/9.3.0/amber/20/dat/leap/parm/frcmod.ff14SB
Reading force field modification type file (frcmod)
Reading title:
ff14SB protein backbone and sidechain parameters
>> #
>> #	Load main chain and terminating amino acid libraries
>> #
>> loadOff amino12.lib
Loading library: /apps/cuda/11.0.207/gcc/9.3.0/amber/20/dat/leap/lib/amino12.lib
Loading: ALA
Loading: ARG
Loading: ASH
Loading: ASN
Loading: ASP
Loading: CYM
Loading: CYS
Loading: CYX
Loading: GLH
Loading: GLN
Loading: GLU
Loading: GLY
Loading: HID
Loading: HIE
Loading: HIP
Loading: HYP
Loading: ILE
Loading: LEU
Loading: LYN
Loading: LYS
Loading: MET
Loading: PHE
Loading: PRO
Loading: SER
Loading: THR
Loading: TRP
Loading: TYR
Loading: VAL
>> loadOff aminoct12.lib
Loading library: /apps/cuda/11.0.207/gcc/9.3.0/amber/20/dat/leap/lib/aminoct12.lib
Loading: CALA
Loading: CARG
Loading: CASN
Loading: CASP
Loading: CCYS
Loading: CCYX
Loading: CGLN
Loading: CGLU
Loading: CGLY
Loading: CHID
Loading: CHIE
Loading: CHIP
Loading: CHYP
Loading: CILE
Loading: CLEU
Loading: CLYS
Loading: CMET
Loading: CPHE
Loading: CPRO
Loading: CSER
Loading: CTHR
Loading: CTRP
Loading: CTYR
Loading: CVAL
Loading: NHE
Loading: NME
>> loadOff aminont12.lib
Loading library: /apps/cuda/11.0.207/gcc/9.3.0/amber/20/dat/leap/lib/aminont12.lib
Loading: ACE
Loading: NALA
Loading: NARG
Loading: NASN
Loading: NASP
Loading: NCYS
Loading: NCYX
Loading: NGLN
Loading: NGLU
Loading: NGLY
Loading: NHID
Loading: NHIE
Loading: NHIP
Loading: NILE
Loading: NLEU
Loading: NLYS
Loading: NMET
Loading: NPHE
Loading: NPRO
Loading: NSER
Loading: NTHR
Loading: NTRP
Loading: NTYR
Loading: NVAL
>> 
>> #
>> #	Define the PDB name map for the amino acids
>> #
>> addPdbResMap {
>>   { 0 "HYP" "HYP" } { 1 "HYP" "CHYP" }
>>   { 0 "ALA" "NALA" } { 1 "ALA" "CALA" }
>>   { 0 "ARG" "NARG" } { 1 "ARG" "CARG" }
>>   { 0 "ASN" "NASN" } { 1 "ASN" "CASN" }
>>   { 0 "ASP" "NASP" } { 1 "ASP" "CASP" }
>>   { 0 "CYS" "NCYS" } { 1 "CYS" "CCYS" }
>>   { 0 "CYX" "NCYX" } { 1 "CYX" "CCYX" }
>>   { 0 "GLN" "NGLN" } { 1 "GLN" "CGLN" }
>>   { 0 "GLU" "NGLU" } { 1 "GLU" "CGLU" }
>>   { 0 "GLY" "NGLY" } { 1 "GLY" "CGLY" }
>>   { 0 "HID" "NHID" } { 1 "HID" "CHID" }
>>   { 0 "HIE" "NHIE" } { 1 "HIE" "CHIE" }
>>   { 0 "HIP" "NHIP" } { 1 "HIP" "CHIP" }
>>   { 0 "ILE" "NILE" } { 1 "ILE" "CILE" }
>>   { 0 "LEU" "NLEU" } { 1 "LEU" "CLEU" }
>>   { 0 "LYS" "NLYS" } { 1 "LYS" "CLYS" }
>>   { 0 "MET" "NMET" } { 1 "MET" "CMET" }
>>   { 0 "PHE" "NPHE" } { 1 "PHE" "CPHE" }
>>   { 0 "PRO" "NPRO" } { 1 "PRO" "CPRO" }
>>   { 0 "SER" "NSER" } { 1 "SER" "CSER" }
>>   { 0 "THR" "NTHR" } { 1 "THR" "CTHR" }
>>   { 0 "TRP" "NTRP" } { 1 "TRP" "CTRP" }
>>   { 0 "TYR" "NTYR" } { 1 "TYR" "CTYR" }
>>   { 0 "VAL" "NVAL" } { 1 "VAL" "CVAL" }
>>   { 0 "HIS" "NHIS" } { 1 "HIS" "CHIS" }
>> }
>> 
>> #
>> # assume that most often proteins use HIE
>> #
>> NHIS = NHIE
>> HIS = HIE
>> CHIS = CHIE
> 
> 
> ###load GAFF force field (for our ligand)
> source leaprc.gaff
----- Source: /apps/cuda/11.0.207/gcc/9.3.0/amber/20/dat/leap/cmd/leaprc.gaff
----- Source of /apps/cuda/11.0.207/gcc/9.3.0/amber/20/dat/leap/cmd/leaprc.gaff done
>> logFile leap.log
log started: Fri Nov 26 12:30:07 2021

Log file: ./leap.log
>> #
>> # ----- leaprc for loading the general Amber Force field.
>> #       This file is mostly for use with Antechamber
>> #
>> #	load atom type hybridizations
>> #
>> addAtomTypes {
>> 	{ "h1"  "H" "sp3" }
>> 	{ "h2"  "H" "sp3" }
>> 	{ "h3"  "H" "sp3" }
>> 	{ "h4"  "H" "sp3" }
>> 	{ "h5"  "H" "sp3" }
>> 	{ "ha"  "H" "sp3" }
>> 	{ "hc"  "H" "sp3" }
>> 	{ "hn"  "H" "sp3" }
>> 	{ "ho"  "H" "sp3" }
>> 	{ "hp"  "H" "sp3" }
>> 	{ "hs"  "H" "sp3" }
>> 	{ "hw"  "H" "sp3" }
>> 	{ "hx"  "H" "sp3" }
>> 	{ "o"  "O" "sp2" }
>> 	{ "o2"  "O" "sp2" }
>> 	{ "oh"  "O" "sp3" }
>> 	{ "op"  "O" "sp3" }
>> 	{ "oq"  "O" "sp3" }
>> 	{ "os"  "O" "sp3" }
>> 	{ "ow"  "O" "sp3" }
>> 	{ "c"  "C" "sp2" }
>> 	{ "c1"  "C" "sp2" }
>> 	{ "c2"  "C" "sp2" }
>> 	{ "c3"  "C" "sp3" }
>> 	{ "ca"  "C" "sp2" }
>> 	{ "cc"  "C" "sp2" }
>> 	{ "cd"  "C" "sp2" }
>> 	{ "ce"  "C" "sp2" }
>> 	{ "cf"  "C" "sp2" }
>> 	{ "cg"  "C" "sp2" }
>> 	{ "ch"  "C" "sp2" }
>> 	{ "cp"  "C" "sp2" }
>> 	{ "cq"  "C" "sp2" }
>> 	{ "cu"  "C" "sp2" }
>> 	{ "cv"  "C" "sp2" }
>> 	{ "cx"  "C" "sp2" }
>> 	{ "cy"  "C" "sp2" }
>> 	{ "cz"  "C" "sp2" }
>> 	{ "n"   "N" "sp2" }
>> 	{ "n1"  "N" "sp2" }
>> 	{ "n2"  "N" "sp2" }
>> 	{ "n3"  "N" "sp3" }
>> 	{ "n4"  "N" "sp3" }
>> 	{ "na"  "N" "sp2" }
>> 	{ "nb"  "N" "sp2" }
>> 	{ "nc"  "N" "sp2" }
>> 	{ "nd"  "N" "sp2" }
>> 	{ "ne"  "N" "sp2" }
>> 	{ "nf"  "N" "sp2" }
>> 	{ "nh"  "N" "sp2" }
>> 	{ "ni"  "N" "sp2" }
>> 	{ "nj"  "N" "sp2" }
>> 	{ "nk"  "N" "sp3" }
>> 	{ "nl"  "N" "sp3" }
>> 	{ "nm"  "N" "sp2" }
>> 	{ "nn"  "N" "sp2" }
>> 	{ "no"  "N" "sp2" }
>> 	{ "np"  "N" "sp3" }
>> 	{ "nq"  "N" "sp3" }
>> 	{ "s"   "S" "sp2" }
>> 	{ "s2"   "S" "sp2" }
>> 	{ "s3"   "S" "sp3" }
>> 	{ "s4"   "S" "sp3" }
>> 	{ "s6"   "S" "sp3" }
>> 	{ "sh"   "S" "sp3" }
>> 	{ "sp"   "S" "sp3" }
>> 	{ "sq"   "S" "sp3" }
>> 	{ "ss"   "S" "sp3" }
>> 	{ "sx"   "S" "sp3" }
>> 	{ "sy"   "S" "sp3" }
>> 	{ "p2"   "P" "sp2" }
>> 	{ "p3"   "P" "sp3" }
>> 	{ "p4"   "P" "sp3" }
>> 	{ "p5"   "P" "sp3" }
>> 	{ "pb"   "P" "sp3" }
>> 	{ "pc"   "P" "sp3" }
>> 	{ "pd"   "P" "sp3" }
>> 	{ "pe"   "P" "sp3" }
>> 	{ "pf"   "P" "sp3" }
>> 	{ "px"   "P" "sp3" }
>> 	{ "py"   "P" "sp3" }
>> 	{ "f"   "F" "sp3" }
>> 	{ "cl"  "Cl" "sp3" }
>> 	{ "br"  "Br" "sp3" }
>> 	{ "i"   "I"  "sp3" }
>> }
>> #
>> #	Load the general force field parameter set.
>> #
>> gaff = loadamberparams gaff.dat
Loading parameters: /apps/cuda/11.0.207/gcc/9.3.0/amber/20/dat/leap/parm/gaff.dat
Reading title:
AMBER General Force Field for organic molecules (Version 1.81, May 2017)
> 
> 
> ###load TIP3P (water) force field
> source leaprc.water.tip3p
----- Source: /apps/cuda/11.0.207/gcc/9.3.0/amber/20/dat/leap/cmd/leaprc.water.tip3p
----- Source of /apps/cuda/11.0.207/gcc/9.3.0/amber/20/dat/leap/cmd/leaprc.water.tip3p done
>> #
>> #       Load water and ions for TIP3P + Li/Merz monovalent ions 
>> #       + Joung-Chetham monovalent ions
>> #       + Li/Merz highly charged ions (+2 to +4, 12-6 normal usage set)
>> #
>> #       Note: the Li/Merz monovalent set is loaded only to get Tl+,
>> #          Cu+, Ag+ NH4+, H3O+.  Since we load Joung-Cheatham second,
>> #          the alkali halide parameters come from the Joung-Cheatham set
>> #
>> addAtomTypes {
>> 	{ "HW"  "H" "sp3" }
>> 	{ "OW"  "O" "sp3" }
>> 	{ "F-"   "F" "sp3" }
>> 	{ "Cl-"  "Cl" "sp3" }
>> 	{ "Br-"  "Br" "sp3" }
>> 	{ "I-"   "I"  "sp3" }
>> 	{ "Li+"  "Li"  "sp3" }
>> 	{ "Na+"  "Na"  "sp3" }
>> 	{ "K+"  "K"  "sp3" }
>> 	{ "Rb+"  "Rb"  "sp3" }
>> 	{ "Cs+"  "Cs"  "sp3" }
>> 	{ "Mg+"  "Mg"  "sp3" }
>>     { "Tl+"  "Tl"  "sp3" }
>>     { "Cu+"  "Cu"  "sp3" }
>>     { "Ag+"  "Ag"  "sp3" }
>>     { "NH4+"  "N"  "sp3" }
>>     { "H3O+"  "O"  "sp3" }
>>     { "Be2+" "Be"  "sp3" }
>>     { "Cu2+" "Cu"  "sp3" }
>>     { "Ni2+" "Ni"  "sp3" }
>>     { "Pt2+" "Pt"  "sp3" }
>>     { "Zn2+" "Zn"  "sp3" }
>>     { "Co2+" "Co"  "sp3" }
>>     { "Pd2+" "Pd"  "sp3" }
>>     { "Ag2+" "Ag"  "sp3" }
>>     { "Cr2+" "Cr"  "sp3" }
>>     { "Fe2+" "Fe"  "sp3" }
>>     { "Mg2+" "Mg"  "sp3" }
>>     { "V2+"  "V"   "sp3" }
>>     { "Mn2+" "Mn"  "sp3" }
>>     { "Hg2+" "Hg"  "sp3" }
>>     { "Cd2+" "Cd"  "sp3" }
>>     { "Yb2+" "Yb"  "sp3" }
>>     { "Ca2+" "Ca"  "sp3" }
>>     { "Sn2+" "Sn"  "sp3" }
>>     { "Pb2+" "Pb"  "sp3" }
>>     { "Eu2+" "Eu"  "sp3" }
>>     { "Sr2+" "Sr"  "sp3" }
>>     { "Sm2+" "Sm"  "sp3" }
>>     { "Ba2+" "Ba"  "sp3" }
>>     { "Ra2+" "Ra"  "sp3" }
>>     { "Al3+" "Al"  "sp3" }
>>     { "Fe3+" "Fe"  "sp3" }
>>     { "Cr3+" "Cr"  "sp3" }
>>     { "In3+" "In"  "sp3" }
>>     { "Tl3+" "Tl"  "sp3" }
>>     { "Y3+"  "Y"   "sp3" }
>>     { "La3+" "La"  "sp3" }
>>     { "Ce3+" "Ce"  "sp3" }
>>     { "Pr3+" "Pr"  "sp3" }
>>     { "Nd3+" "Nd"  "sp3" }
>>     { "Sm3+" "Sm"  "sp3" }
>>     { "Eu3+" "Eu"  "sp3" }
>>     { "Gd3+" "Gd"  "sp3" }
>>     { "Tb3+" "Tb"  "sp3" }
>>     { "Dy3+" "Dy"  "sp3" }
>>     { "Er3+" "Er"  "sp3" }
>>     { "Tm3+" "Tm"  "sp3" }
>>     { "Lu3+" "Lu"  "sp3" }
>>     { "Hf4+" "Hf"  "sp3" }
>>     { "Zr4+" "Zr"  "sp3" }
>>     { "Ce4+" "Ce"  "sp3" }
>>     { "U4+"  "U"   "sp3" }
>>     { "Pu4+" "Pu"  "sp3" }
>>     { "Th4+" "Th"  "sp3" }
>> }
>> loadOff atomic_ions.lib
Loading library: /apps/cuda/11.0.207/gcc/9.3.0/amber/20/dat/leap/lib/atomic_ions.lib
Loading: AG
Loading: AL
Loading: Ag
Loading: BA
Loading: BR
Loading: Be
Loading: CA
Loading: CD
Loading: CE
Loading: CL
Loading: CO
Loading: CR
Loading: CS
Loading: CU
Loading: CU1
Loading: Ce
Loading: Cl-
Loading: Cr
Loading: Dy
Loading: EU
Loading: EU3
Loading: Er
Loading: F
Loading: FE
Loading: FE2
Loading: GD3
Loading: H3O+
Loading: HE+
Loading: HG
Loading: HZ+
Loading: Hf
Loading: IN
Loading: IOD
Loading: K
Loading: K+
Loading: LA
Loading: LI
Loading: LU
Loading: MG
Loading: MN
Loading: NA
Loading: NH4
Loading: NI
Loading: Na+
Loading: Nd
Loading: PB
Loading: PD
Loading: PR
Loading: PT
Loading: Pu
Loading: RB
Loading: Ra
Loading: SM
Loading: SR
Loading: Sm
Loading: Sn
Loading: TB
Loading: TL
Loading: Th
Loading: Tl
Loading: Tm
Loading: U4+
Loading: V2+
Loading: Y
Loading: YB2
Loading: ZN
Loading: Zr
>> loadOff solvents.lib
Loading library: /apps/cuda/11.0.207/gcc/9.3.0/amber/20/dat/leap/lib/solvents.lib
Loading: CHCL3BOX
Loading: DC4
Loading: FB3
Loading: FB3BOX
Loading: FB4
Loading: FB4BOX
Loading: MEOHBOX
Loading: NMABOX
Loading: OP3
Loading: OPC
Loading: OPC3BOX
Loading: OPCBOX
Loading: PL3
Loading: POL3BOX
Loading: QSPCFWBOX
Loading: SPC
Loading: SPCBOX
Loading: SPCFWBOX
Loading: SPF
Loading: SPG
Loading: T4E
Loading: TIP3PBOX
Loading: TIP3PFBOX
Loading: TIP4PBOX
Loading: TIP4PEWBOX
Loading: TIP5PBOX
Loading: TP3
Loading: TP4
Loading: TP5
Loading: TPF
>> HOH = TP3
>> WAT = TP3
>> loadAmberParams frcmod.tip3p
Loading parameters: /apps/cuda/11.0.207/gcc/9.3.0/amber/20/dat/leap/parm/frcmod.tip3p
Reading force field modification type file (frcmod)
Reading title:
This is the additional/replacement parameter set for TIP3P water
>> loadAmberParams frcmod.ions1lm_126_tip3p
Loading parameters: /apps/cuda/11.0.207/gcc/9.3.0/amber/20/dat/leap/parm/frcmod.ions1lm_126_tip3p
Reading force field modification type file (frcmod)
Reading title:
Li/Merz ion parameters of monovalent ions for TIP3P water model (12-6 normal usage set)
>> loadAmberParams frcmod.ionsjc_tip3p
Loading parameters: /apps/cuda/11.0.207/gcc/9.3.0/amber/20/dat/leap/parm/frcmod.ionsjc_tip3p
Reading force field modification type file (frcmod)
Reading title:
Monovalent ion parameters for Ewald and TIP3P water from Joung & Cheatham JPCB (2008)
>> loadAmberParams frcmod.ions234lm_126_tip3p
Loading parameters: /apps/cuda/11.0.207/gcc/9.3.0/amber/20/dat/leap/parm/frcmod.ions234lm_126_tip3p
Reading force field modification type file (frcmod)
Reading title:
Li/Merz ion parameters of divalent to tetravalent ions for TIP3P water model (12-6 normal usage set)
>> 
> 
> 
> ###load ions frcmod for the tip3p model
> loadamberparams frcmod.ionsjc_tip3p
Loading parameters: /apps/cuda/11.0.207/gcc/9.3.0/amber/20/dat/leap/parm/frcmod.ionsjc_tip3p
Reading force field modification type file (frcmod)
Reading title:
Monovalent ion parameters for Ewald and TIP3P water from Joung & Cheatham JPCB (2008)
> 
> ###needed so we can use igb=8 model
> set default PBradii mbondi3
Using ArgH and AspGluO modified Bondi2 radii
> 
> ###load protein pdb file
> rec=loadpdb ../001_Structure/7l14_final.pdb
Loading PDB file: ../001_Structure/7l14_final.pdb
-- residue 448: duplicate [ CA] atoms (total 2)
-- residue 448: duplicate [ CB] atoms (total 2)
-- residue 448: duplicate [ CG] atoms (total 2)
-- residue 448: duplicate [ ND2] atoms (total 2)
-- residue 448: duplicate [ OD1] atoms (total 2)

/apps/cuda/11.0.207/gcc/9.3.0/amber/20/bin/teLeap: Warning!
Atom names in each residue should be unique.
     (Same-name atoms are handled by using the first
      occurrence and by ignoring the rest.
      Frequently duplicate atom names stem from alternate
      conformations in the PDB file.)

Matching PDB residue names to LEaP variables.
Mapped residue SER, term: Terminal/beginning, seq. number: 0 to: NSER.
Mapped residue GLN, term: Terminal/last, seq. number: 305 to: CGLN.
Mapped residue SER, term: Terminal/beginning, seq. number: 306 to: NSER.
Mapped residue GLN, term: Terminal/last, seq. number: 611 to: CGLN.
  total atoms in file: 4741
  Leap added 4628 missing atoms according to residue templates:
       4628 H / lone pairs
> 
> ###load ligand frcmod/mol2
> loadamberparams ../002_Parameters/mani_ligand.am1bcc.frcmod
Loading parameters: ../002_Parameters/mani_ligand.am1bcc.frcmod
Reading force field modification type file (frcmod)
Reading title:
Remark line goes here
(UNKNOWN ATOM TYPE: nu)
(UNKNOWN ATOM TYPE: nx)
> lig=loadmol2 ../002_Parameters/mani_ligand_antechamber.mol2
Loading Mol2 file: ../002_Parameters/mani_ligand_antechamber.mol2
Reading MOLECULE named LIG
> 
> ###create gase-phase complex
> gascomplex= combine {rec lig}
  Sequence: default_name
  Sequence: LIG
> 
> ###write gas-phase pdb
> savepdb gascomplex mpro.gas.complex.pdb
Writing pdb file: mpro.gas.complex.pdb

/apps/cuda/11.0.207/gcc/9.3.0/amber/20/bin/teLeap: Warning!
 Converting N-terminal residue name to PDB format: NSER -> SER

/apps/cuda/11.0.207/gcc/9.3.0/amber/20/bin/teLeap: Warning!
 Converting C-terminal residue name to PDB format: CGLN -> GLN

/apps/cuda/11.0.207/gcc/9.3.0/amber/20/bin/teLeap: Warning!
 Converting N-terminal residue name to PDB format: NSER -> SER

/apps/cuda/11.0.207/gcc/9.3.0/amber/20/bin/teLeap: Warning!
 Converting C-terminal residue name to PDB format: CGLN -> GLN
> 
> ###write gase-phase toplogy and coord files for MMGBSA calc
> saveamberparm gascomplex mpro.complex.parm7 mpro.gas.complex.rst7
Checking Unit.

/apps/cuda/11.0.207/gcc/9.3.0/amber/20/bin/teLeap: Warning!
The unperturbed charge of the unit (-5.998998) is not zero.

/apps/cuda/11.0.207/gcc/9.3.0/amber/20/bin/teLeap: Note.
Ignoring the warning from Unit Checking.

Building topology.
Building atom parameters.
Building bond parameters.
Building angle parameters.
Building proper torsion parameters.
Building improper torsion parameters.
 total 1974 improper torsions applied
Building H-Bond parameters.
Incorporating Non-Bonded adjustments.
Not Marking per-residue atom chain types.
Marking per-residue atom chain types.
  (Residues lacking connect0/connect1 - 
   these don't have chain types marked:

	res	total affected

	CGLN	2
	LIG	1
	NSER	2
  )
 (no restraints)
> saveamberparm rec mpro.gas.receptor.parm7 mpro.gas.receptor.rst7
Checking Unit.

/apps/cuda/11.0.207/gcc/9.3.0/amber/20/bin/teLeap: Warning!
The unperturbed charge of the unit (-8.000000) is not zero.

/apps/cuda/11.0.207/gcc/9.3.0/amber/20/bin/teLeap: Note.
Ignoring the warning from Unit Checking.

Building topology.
Building atom parameters.
Building bond parameters.
Building angle parameters.
Building proper torsion parameters.
Building improper torsion parameters.
 total 1948 improper torsions applied
Building H-Bond parameters.
Incorporating Non-Bonded adjustments.
Not Marking per-residue atom chain types.
Marking per-residue atom chain types.
  (Residues lacking connect0/connect1 - 
   these don't have chain types marked:

	res	total affected

	CGLN	2
	NSER	2
  )
 (no restraints)
> saveamberparm lig mpro.gas.ligand.parm7 mpro.gas.ligand.rst7
Checking Unit.

/apps/cuda/11.0.207/gcc/9.3.0/amber/20/bin/teLeap: Warning!
The unperturbed charge of the unit (2.001002) is not zero.

/apps/cuda/11.0.207/gcc/9.3.0/amber/20/bin/teLeap: Note.
Ignoring the warning from Unit Checking.

Building topology.
Building atom parameters.
Building bond parameters.
Building angle parameters.
Building proper torsion parameters.
Building improper torsion parameters.
 total 26 improper torsions applied
Building H-Bond parameters.
Incorporating Non-Bonded adjustments.
Not Marking per-residue atom chain types.
Marking per-residue atom chain types.
  (Residues lacking connect0/connect1 - 
   these don't have chain types marked:

	res	total affected

	LIG	1
  )
 (no restraints)
> 
> ###create solvated complex (albeit redundant)
> solvcomplex= combine {rec lig}
  Sequence: default_name
  Sequence: LIG
> 
> ###solvate the system
> solvateoct solvcomplex TIP3PBOX 20.0
Scaling up box by a factor of 1.234060 to meet diagonal cut criterion
  Solute vdw bounding box:              87.145 63.959 70.393
  Total bounding box for atom centers:  136.507 136.507 136.507
      (box expansion for 'iso' is  37.3%)
  Solvent unit box:                     18.774 18.774 18.774
The number of boxes:  x= 8  y= 8  z= 8
  Volume: 1300000.998 A^3 (oct)
  Total mass 725007.706 amu,  Density 0.926 g/cc
  Added 36457 residues.
> 
> ###Neutralize system
> addions solvcomplex Cl- 0

/apps/cuda/11.0.207/gcc/9.3.0/amber/20/bin/teLeap: Warning!
addIons: 1st Ion & target unit have charges of the same sign:
     unit charge = -5.999; ion1 charge = -1;
     can't neutralize.
> addions solvcomplex Na+ 0
6 Na+ ions required to neutralize.
Adding 6 counter ions to "solvcomplex" using 1A grid
Total solute charge:  -6.00  Max atom radius:   2.00
Grid extends from solute vdw + 2.62  to  8.62
Box:
   enclosing:  -44.44 -45.11 -44.38   46.73 46.23 45.74
   sized:			      83.56 82.89 83.62
   edge:        128.00
Resolution:      1.00 Angstrom.
Tree depth: 7
Volume =  5.03% of box, grid points 105556
Solvent present: replacing closest with ion
	 when steric overlaps occur
Calculating grid charges
(Replacing solvent molecule)
Placed Na+ in solvcomplex at (-18.22, 17.52, 13.86).
(Replacing solvent molecule)
Placed Na+ in solvcomplex at (22.64, -13.73, -15.60).
(Replacing solvent molecule)
Placed Na+ in solvcomplex at (-21.49, 11.93, -34.17).
(Replacing solvent molecule)
Placed Na+ in solvcomplex at (12.83, 13.13, 22.62).
(Replacing solvent molecule)
Placed Na+ in solvcomplex at (-12.36, 26.26, -3.92).
(Replacing solvent molecule)
Placed Na+ in solvcomplex at (17.75, -30.59, 30.03).

Done adding ions.
> addIonsRand solvcomplex Cl- 117
Adding 117 counter ions to "solvcomplex". 36334 solvent molecules will remain.
0: Placed Cl- in solvcomplex at (41.83, 33.93, -17.20).
0: Placed Cl- in solvcomplex at (50.06, -17.49, 32.34).
0: Placed Cl- in solvcomplex at (-19.83, 24.98, 55.67).
0: Placed Cl- in solvcomplex at (42.49, -25.46, 36.81).
0: Placed Cl- in solvcomplex at (3.52, 23.59, 38.81).
0: Placed Cl- in solvcomplex at (-18.53, -45.64, 8.30).
0: Placed Cl- in solvcomplex at (-40.01, 7.03, -26.25).
0: Placed Cl- in solvcomplex at (28.11, -26.41, -27.06).
0: Placed Cl- in solvcomplex at (17.70, 29.34, 25.13).
0: Placed Cl- in solvcomplex at (-52.91, -4.04, -34.86).
0: Placed Cl- in solvcomplex at (-5.18, 51.72, -40.68).
0: Placed Cl- in solvcomplex at (42.98, 38.20, 0.05).
0: Placed Cl- in solvcomplex at (-16.16, -31.70, -44.98).
0: Placed Cl- in solvcomplex at (2.67, 1.27, -50.99).
0: Placed Cl- in solvcomplex at (-38.99, 39.41, 1.59).
0: Placed Cl- in solvcomplex at (-28.15, -60.23, 14.87).
0: Placed Cl- in solvcomplex at (38.42, 46.66, -7.00).
0: Placed Cl- in solvcomplex at (48.63, -14.50, 23.58).
0: Placed Cl- in solvcomplex at (-33.93, 32.14, 43.61).
0: Placed Cl- in solvcomplex at (0.85, -17.18, -41.11).
0: Placed Cl- in solvcomplex at (-29.48, 7.03, 44.34).
0: Placed Cl- in solvcomplex at (43.40, 13.12, -26.33).
0: Placed Cl- in solvcomplex at (-44.10, 42.00, -10.17).
0: Placed Cl- in solvcomplex at (-3.73, -39.04, 27.84).
0: Placed Cl- in solvcomplex at (34.35, -33.33, 33.77).
0: Placed Cl- in solvcomplex at (-50.64, 32.51, 13.48).
0: Placed Cl- in solvcomplex at (21.77, -31.59, 16.99).
0: Placed Cl- in solvcomplex at (-13.12, 30.76, 5.82).
0: Placed Cl- in solvcomplex at (3.44, -39.41, -18.55).
0: Placed Cl- in solvcomplex at (22.30, -51.06, 32.74).
0: Placed Cl- in solvcomplex at (-11.42, 10.81, 26.87).
0: Placed Cl- in solvcomplex at (13.55, -6.13, 46.12).
0: Placed Cl- in solvcomplex at (-8.27, 20.68, 39.08).
0: Placed Cl- in solvcomplex at (-46.92, 32.79, -22.04).
0: Placed Cl- in solvcomplex at (17.56, 35.73, -18.94).
0: Placed Cl- in solvcomplex at (56.75, 18.93, -17.20).
0: Placed Cl- in solvcomplex at (43.21, 2.25, 32.22).
0: Placed Cl- in solvcomplex at (-13.53, -23.57, -28.15).
0: Placed Cl- in solvcomplex at (27.15, 48.29, 6.72).
0: Placed Cl- in solvcomplex at (-34.41, 18.38, -25.90).
0: Placed Cl- in solvcomplex at (-39.93, -13.91, 17.55).
0: Placed Cl- in solvcomplex at (-41.83, 33.32, 15.59).
0: Placed Cl- in solvcomplex at (6.86, -43.75, -19.32).
0: Placed Cl- in solvcomplex at (-43.17, -39.69, 7.43).
0: Placed Cl- in solvcomplex at (14.17, 45.77, -15.48).
0: Placed Cl- in solvcomplex at (42.98, 15.21, 13.33).
0: Placed Cl- in solvcomplex at (-43.86, 21.06, -46.57).
0: Placed Cl- in solvcomplex at (-7.49, 30.03, -39.53).
0: Placed Cl- in solvcomplex at (31.93, 0.40, -44.42).
0: Placed Cl- in solvcomplex at (-0.97, -8.54, -36.40).
0: Placed Cl- in solvcomplex at (30.43, -3.26, 28.95).
0: Placed Cl- in solvcomplex at (57.63, 37.23, 8.00).
0: Placed Cl- in solvcomplex at (12.83, -11.34, -28.55).
0: Placed Cl- in solvcomplex at (24.35, 8.93, -37.72).
0: Placed Cl- in solvcomplex at (-36.93, -49.41, -13.78).
0: Placed Cl- in solvcomplex at (-0.02, -57.53, 14.07).
0: Placed Cl- in solvcomplex at (-20.62, -61.10, 16.73).
0: Placed Cl- in solvcomplex at (39.53, -29.50, 44.61).
0: Placed Cl- in solvcomplex at (53.08, -4.27, 24.39).
0: Placed Cl- in solvcomplex at (12.97, -13.34, -32.78).
0: Placed Cl- in solvcomplex at (-35.33, -18.42, -9.95).
0: Placed Cl- in solvcomplex at (37.34, 41.55, 24.95).
0: Placed Cl- in solvcomplex at (16.75, -23.12, -29.91).
0: Placed Cl- in solvcomplex at (41.79, -0.46, -15.10).
0: Placed Cl- in solvcomplex at (38.82, 20.42, 42.28).
0: Placed Cl- in solvcomplex at (-46.92, -36.19, 17.78).
0: Placed Cl- in solvcomplex at (48.00, -25.40, -20.85).
0: Placed Cl- in solvcomplex at (-51.52, -6.40, 41.94).
0: Placed Cl- in solvcomplex at (-55.34, 19.74, 5.72).
0: Placed Cl- in solvcomplex at (11.24, -53.94, 19.06).
0: Placed Cl- in solvcomplex at (12.64, 33.76, 43.37).
0: Placed Cl- in solvcomplex at (40.97, -36.77, 26.67).
0: Placed Cl- in solvcomplex at (-42.20, -11.86, -24.38).
0: Placed Cl- in solvcomplex at (-54.95, 9.30, 44.43).
0: Placed Cl- in solvcomplex at (-37.01, -10.32, -0.64).
0: Placed Cl- in solvcomplex at (18.86, -33.49, 26.57).
0: Placed Cl- in solvcomplex at (-53.68, -36.85, -2.45).
0: Placed Cl- in solvcomplex at (13.93, 37.00, -38.57).
0: Placed Cl- in solvcomplex at (-17.04, 20.59, 32.26).
0: Placed Cl- in solvcomplex at (27.62, -18.75, -20.18).
0: Placed Cl- in solvcomplex at (-3.93, 53.72, -36.35).
0: Placed Cl- in solvcomplex at (39.96, 1.62, -1.01).
0: Placed Cl- in solvcomplex at (44.48, -21.16, 10.47).
0: Placed Cl- in solvcomplex at (28.84, -22.57, -31.76).
0: Placed Cl- in solvcomplex at (-17.01, -38.65, -12.85).
0: Placed Cl- in solvcomplex at (-31.67, -17.18, -41.11).
0: Placed Cl- in solvcomplex at (-37.84, 29.61, -44.98).
0: Placed Cl- in solvcomplex at (42.58, -1.59, -19.22).
0: Placed Cl- in solvcomplex at (-23.15, -28.03, 10.37).
0: Placed Cl- in solvcomplex at (12.95, -13.02, -19.90).
0: Placed Cl- in solvcomplex at (-55.21, -3.83, 11.71).
0: Placed Cl- in solvcomplex at (39.48, 21.91, -16.46).
0: Placed Cl- in solvcomplex at (14.74, -3.25, -64.41).
0: Placed Cl- in solvcomplex at (55.32, 40.16, 10.47).
0: Placed Cl- in solvcomplex at (-16.37, 17.95, -63.75).
0: Placed Cl- in solvcomplex at (19.02, -42.80, -6.95).
0: Placed Cl- in solvcomplex at (-7.23, 27.72, -6.38).
0: Placed Cl- in solvcomplex at (-33.99, 25.62, 23.64).
0: Placed Cl- in solvcomplex at (-38.54, -43.69, -27.13).
0: Placed Cl- in solvcomplex at (15.21, -21.90, -24.96).
0: Placed Cl- in solvcomplex at (-8.77, -24.09, -20.95).
0: Placed Cl- in solvcomplex at (-47.04, -37.90, -5.21).
0: Placed Cl- in solvcomplex at (35.19, 24.26, 15.38).
0: Placed Cl- in solvcomplex at (-14.55, 52.66, -23.77).
0: Placed Cl- in solvcomplex at (-10.99, -51.41, -34.16).
0: Placed Cl- in solvcomplex at (27.23, -29.47, 19.39).
0: Placed Cl- in solvcomplex at (-16.87, -37.25, 6.17).
0: Placed Cl- in solvcomplex at (-29.10, 41.44, -36.05).
0: Placed Cl- in solvcomplex at (55.05, -9.51, -27.83).
0: Placed Cl- in solvcomplex at (-33.10, 49.13, -39.51).
0: Placed Cl- in solvcomplex at (30.18, -9.22, -50.57).
0: Placed Cl- in solvcomplex at (31.40, 11.06, 50.94).
0: Placed Cl- in solvcomplex at (26.50, 26.22, -28.15).
0: Placed Cl- in solvcomplex at (-14.15, -11.69, -53.25).
0: Placed Cl- in solvcomplex at (-23.78, -12.60, -30.20).
0: Placed Cl- in solvcomplex at (9.86, -31.40, -37.06).
0: Placed Cl- in solvcomplex at (20.94, -32.06, 14.20).
> addIonsRand solvcomplex Na+ 117
Adding 117 counter ions to "solvcomplex". 36217 solvent molecules will remain.
0: Placed Na+ in solvcomplex at (27.76, -29.82, -22.21).
0: Placed Na+ in solvcomplex at (-6.04, 47.06, -33.66).
0: Placed Na+ in solvcomplex at (-32.58, 14.02, -15.82).
0: Placed Na+ in solvcomplex at (36.42, -41.58, -24.58).
0: Placed Na+ in solvcomplex at (14.92, 39.21, 35.60).
0: Placed Na+ in solvcomplex at (-0.87, -17.79, -29.57).
0: Placed Na+ in solvcomplex at (0.40, 45.70, 5.78).
0: Placed Na+ in solvcomplex at (16.37, 17.02, -25.44).
0: Placed Na+ in solvcomplex at (-27.85, 2.81, 4.72).
0: Placed Na+ in solvcomplex at (40.52, 5.42, -14.93).
0: Placed Na+ in solvcomplex at (-30.53, 42.31, 37.83).
0: Placed Na+ in solvcomplex at (-57.93, -0.72, -11.98).
0: Placed Na+ in solvcomplex at (30.18, 36.76, 29.09).
0: Placed Na+ in solvcomplex at (-7.80, -46.04, -23.84).
0: Placed Na+ in solvcomplex at (35.98, 25.18, 27.13).
0: Placed Na+ in solvcomplex at (-52.16, -2.58, 23.25).
0: Placed Na+ in solvcomplex at (16.58, -44.85, 33.72).
0: Placed Na+ in solvcomplex at (-17.49, 30.41, 11.91).
0: Placed Na+ in solvcomplex at (11.69, -1.85, 65.10).
0: Placed Na+ in solvcomplex at (20.70, 52.91, 2.77).
0: Placed Na+ in solvcomplex at (-33.41, 26.25, -18.15).
0: Placed Na+ in solvcomplex at (9.45, -1.56, -58.60).
0: Placed Na+ in solvcomplex at (-24.53, -62.08, -8.16).
0: Placed Na+ in solvcomplex at (-10.44, -38.61, -7.49).
0: Placed Na+ in solvcomplex at (5.72, -16.51, -64.34).
0: Placed Na+ in solvcomplex at (-46.07, 18.08, -7.35).
0: Placed Na+ in solvcomplex at (0.56, -56.92, -36.23).
0: Placed Na+ in solvcomplex at (27.90, -27.39, 21.86).
0: Placed Na+ in solvcomplex at (-19.82, 53.51, 18.64).
0: Placed Na+ in solvcomplex at (40.31, 39.78, 1.14).
0: Placed Na+ in solvcomplex at (-29.06, -20.81, -25.97).
0: Placed Na+ in solvcomplex at (48.62, 22.97, 14.48).
0: Placed Na+ in solvcomplex at (-28.44, 44.49, 16.00).
0: Placed Na+ in solvcomplex at (-43.86, 44.06, -6.74).
0: Placed Na+ in solvcomplex at (33.80, -32.09, 23.44).
0: Placed Na+ in solvcomplex at (21.31, -38.44, 0.05).
0: Placed Na+ in solvcomplex at (6.93, -21.42, -17.13).
0: Placed Na+ in solvcomplex at (-15.25, 4.24, -53.61).
0: Placed Na+ in solvcomplex at (-51.01, -18.59, 29.31).
0: Placed Na+ in solvcomplex at (-21.16, 32.13, 10.83).
0: Placed Na+ in solvcomplex at (13.80, -24.24, -22.73).
0: Placed Na+ in solvcomplex at (-21.74, 35.46, 23.16).
0: Placed Na+ in solvcomplex at (54.29, 37.39, -22.84).
0: Placed Na+ in solvcomplex at (-55.81, -8.69, -29.01).
0: Placed Na+ in solvcomplex at (44.23, 0.05, -27.41).
0: Placed Na+ in solvcomplex at (36.76, -42.21, 38.33).
0: Placed Na+ in solvcomplex at (22.55, 38.38, -40.68).
0: Placed Na+ in solvcomplex at (35.20, -14.68, 19.29).
0: Placed Na+ in solvcomplex at (-5.82, -30.55, 49.55).
0: Placed Na+ in solvcomplex at (-47.97, -42.72, 21.86).
0: Placed Na+ in solvcomplex at (8.01, -17.58, 51.45).
0: Placed Na+ in solvcomplex at (31.19, -47.65, -3.27).
0: Placed Na+ in solvcomplex at (11.20, 55.12, 13.70).
0: Placed Na+ in solvcomplex at (47.86, 48.78, 24.46).
0: Placed Na+ in solvcomplex at (-46.56, -2.11, 5.53).
0: Placed Na+ in solvcomplex at (4.90, 51.19, -4.54).
0: Placed Na+ in solvcomplex at (8.55, -7.56, -60.56).
0: Placed Na+ in solvcomplex at (-57.88, 15.75, 8.07).
0: Placed Na+ in solvcomplex at (39.94, 34.26, 29.66).
0: Placed Na+ in solvcomplex at (24.94, 52.12, -3.60).
0: Placed Na+ in solvcomplex at (-57.03, -40.57, -14.93).
0: Placed Na+ in solvcomplex at (8.03, -26.08, -49.77).
0: Placed Na+ in solvcomplex at (-54.97, -24.59, -32.50).
0: Placed Na+ in solvcomplex at (30.54, 1.01, -51.25).
0: Placed Na+ in solvcomplex at (-33.04, 16.67, -34.01).
0: Placed Na+ in solvcomplex at (-45.88, -35.17, -23.14).
0: Placed Na+ in solvcomplex at (-54.01, 11.93, 18.94).
0: Placed Na+ in solvcomplex at (-24.50, 20.16, 39.85).
0: Placed Na+ in solvcomplex at (-11.42, 54.05, 21.96).
0: Placed Na+ in solvcomplex at (-27.94, -19.66, 33.37).
0: Placed Na+ in solvcomplex at (-27.94, -42.65, -6.46).
0: Placed Na+ in solvcomplex at (13.87, 45.35, -22.04).
0: Placed Na+ in solvcomplex at (22.20, 1.48, 37.38).
0: Placed Na+ in solvcomplex at (48.88, 14.28, 8.12).
0: Placed Na+ in solvcomplex at (7.11, 22.28, -25.26).
0: Placed Na+ in solvcomplex at (28.17, -10.37, -65.65).
0: Placed Na+ in solvcomplex at (56.31, -20.68, 19.93).
0: Placed Na+ in solvcomplex at (-44.59, -28.36, -18.24).
0: Placed Na+ in solvcomplex at (42.02, -42.66, 26.59).
0: Placed Na+ in solvcomplex at (-48.62, -5.92, 23.44).
0: Placed Na+ in solvcomplex at (-19.84, 27.98, 60.32).
0: Placed Na+ in solvcomplex at (-54.78, 38.72, 21.96).
0: Placed Na+ in solvcomplex at (7.65, 1.64, -41.05).
0: Placed Na+ in solvcomplex at (4.64, 51.25, 32.26).
0: Placed Na+ in solvcomplex at (-37.05, -1.32, 48.75).
0: Placed Na+ in solvcomplex at (-36.93, -26.41, -27.06).
0: Placed Na+ in solvcomplex at (37.32, -6.59, -20.39).
0: Placed Na+ in solvcomplex at (-19.13, 10.74, -65.13).
0: Placed Na+ in solvcomplex at (16.78, -11.09, 46.20).
0: Placed Na+ in solvcomplex at (-34.90, 25.74, 47.56).
0: Placed Na+ in solvcomplex at (-33.99, 39.91, 3.04).
0: Placed Na+ in solvcomplex at (-18.34, -46.20, 37.62).
0: Placed Na+ in solvcomplex at (9.07, -0.30, -26.57).
0: Placed Na+ in solvcomplex at (25.23, 1.86, 40.03).
0: Placed Na+ in solvcomplex at (-39.89, 11.68, 38.80).
0: Placed Na+ in solvcomplex at (31.74, -16.92, -19.22).
0: Placed Na+ in solvcomplex at (35.94, -21.57, 30.82).
0: Placed Na+ in solvcomplex at (-45.74, 10.41, -5.54).
0: Placed Na+ in solvcomplex at (52.97, -28.36, -18.24).
0: Placed Na+ in solvcomplex at (16.09, -20.26, -49.65).
0: Placed Na+ in solvcomplex at (4.07, -47.48, -10.55).
0: Placed Na+ in solvcomplex at (15.34, 25.78, -41.91).
0: Placed Na+ in solvcomplex at (35.07, 34.26, 9.35).
0: Placed Na+ in solvcomplex at (-29.85, 24.26, 41.94).
0: Placed Na+ in solvcomplex at (13.87, 22.36, -35.32).
0: Placed Na+ in solvcomplex at (-52.45, 19.34, -33.50).
0: Placed Na+ in solvcomplex at (17.75, -30.59, 56.58).
0: Placed Na+ in solvcomplex at (18.28, 16.95, 52.09).
0: Placed Na+ in solvcomplex at (-42.48, 38.38, 12.42).
0: Placed Na+ in solvcomplex at (24.94, 6.14, -30.15).
0: Placed Na+ in solvcomplex at (38.74, 10.94, 8.59).
0: Placed Na+ in solvcomplex at (-14.05, -42.34, -41.23).
0: Placed Na+ in solvcomplex at (-13.99, 17.24, -38.32).
0: Placed Na+ in solvcomplex at (-24.39, -20.24, 32.48).
0: Placed Na+ in solvcomplex at (29.82, 37.74, -28.15).
0: Placed Na+ in solvcomplex at (-38.78, 33.99, -6.46).
0: Placed Na+ in solvcomplex at (14.45, -10.60, -19.65).
> 
> #write solvated pdb file
> savepdb solvcomplex mpro.wet.complex.pdb
Writing pdb file: mpro.wet.complex.pdb
   printing CRYST1 record to PDB file with box info

/apps/cuda/11.0.207/gcc/9.3.0/amber/20/bin/teLeap: Warning!
 Converting N-terminal residue name to PDB format: NSER -> SER

/apps/cuda/11.0.207/gcc/9.3.0/amber/20/bin/teLeap: Warning!
 Converting C-terminal residue name to PDB format: CGLN -> GLN

/apps/cuda/11.0.207/gcc/9.3.0/amber/20/bin/teLeap: Warning!
 Converting N-terminal residue name to PDB format: NSER -> SER

/apps/cuda/11.0.207/gcc/9.3.0/amber/20/bin/teLeap: Warning!
 Converting C-terminal residue name to PDB format: CGLN -> GLN
> 
> ###check the system
> charge solvcomplex
Total unperturbed charge:   0.001002
Total perturbed charge:     0.001002
> check solvcomplex
Checking 'solvcomplex'....

/apps/cuda/11.0.207/gcc/9.3.0/amber/20/bin/teLeap: Warning!
Close contact of 0.281059 angstroms between .R<TYR 488>.A<N 1> and .R<LIG 613>.A<H73 73>

/apps/cuda/11.0.207/gcc/9.3.0/amber/20/bin/teLeap: Warning!
Close contact of 1.263314 angstroms between .R<TYR 488>.A<N 1> and .R<LIG 613>.A<C31 31>

/apps/cuda/11.0.207/gcc/9.3.0/amber/20/bin/teLeap: Warning!
Close contact of 1.009214 angstroms between .R<TYR 488>.A<H 2> and .R<LIG 613>.A<H73 73>

/apps/cuda/11.0.207/gcc/9.3.0/amber/20/bin/teLeap: Warning!
Close contact of 1.096112 angstroms between .R<TYR 488>.A<H 2> and .R<LIG 613>.A<C31 31>

/apps/cuda/11.0.207/gcc/9.3.0/amber/20/bin/teLeap: Warning!
Close contact of 1.182916 angstroms between .R<TYR 488>.A<CD1 9> and .R<LIG 613>.A<H62 62>

/apps/cuda/11.0.207/gcc/9.3.0/amber/20/bin/teLeap: Warning!
Close contact of 0.728805 angstroms between .R<TYR 488>.A<CE1 11> and .R<LIG 613>.A<H62 62>

/apps/cuda/11.0.207/gcc/9.3.0/amber/20/bin/teLeap: Warning!
Close contact of 1.247045 angstroms between .R<TYR 488>.A<CE1 11> and .R<LIG 613>.A<C18 18>

/apps/cuda/11.0.207/gcc/9.3.0/amber/20/bin/teLeap: Warning!
Close contact of 1.005276 angstroms between .R<TYR 488>.A<HE1 12> and .R<LIG 613>.A<H80 80>

/apps/cuda/11.0.207/gcc/9.3.0/amber/20/bin/teLeap: Warning!
Close contact of 0.824206 angstroms between .R<TYR 488>.A<CZ 13> and .R<LIG 613>.A<C19 19>

/apps/cuda/11.0.207/gcc/9.3.0/amber/20/bin/teLeap: Warning!
Close contact of 0.929598 angstroms between .R<TYR 488>.A<CZ 13> and .R<LIG 613>.A<C18 18>

/apps/cuda/11.0.207/gcc/9.3.0/amber/20/bin/teLeap: Warning!
Close contact of 1.136847 angstroms between .R<TYR 488>.A<OH 14> and .R<LIG 613>.A<HN 85>

/apps/cuda/11.0.207/gcc/9.3.0/amber/20/bin/teLeap: Warning!
Close contact of 1.498301 angstroms between .R<TYR 488>.A<OH 14> and .R<LIG 613>.A<H78 78>

/apps/cuda/11.0.207/gcc/9.3.0/amber/20/bin/teLeap: Warning!
Close contact of 1.367456 angstroms between .R<TYR 488>.A<OH 14> and .R<LIG 613>.A<N17 17>

/apps/cuda/11.0.207/gcc/9.3.0/amber/20/bin/teLeap: Warning!
Close contact of 1.299603 angstroms between .R<TYR 488>.A<HH 15> and .R<ILE 412>.A<H 2>

/apps/cuda/11.0.207/gcc/9.3.0/amber/20/bin/teLeap: Warning!
Close contact of 1.195544 angstroms between .R<TYR 488>.A<HH 15> and .R<LIG 613>.A<HN 85>

/apps/cuda/11.0.207/gcc/9.3.0/amber/20/bin/teLeap: Warning!
Close contact of 1.385740 angstroms between .R<TYR 488>.A<HH 15> and .R<LIG 613>.A<H79 79>

/apps/cuda/11.0.207/gcc/9.3.0/amber/20/bin/teLeap: Warning!
Close contact of 0.956754 angstroms between .R<TYR 488>.A<HH 15> and .R<LIG 613>.A<C36 36>

/apps/cuda/11.0.207/gcc/9.3.0/amber/20/bin/teLeap: Warning!
Close contact of 1.133583 angstroms between .R<TYR 488>.A<HH 15> and .R<LIG 613>.A<N17 17>

/apps/cuda/11.0.207/gcc/9.3.0/amber/20/bin/teLeap: Warning!
Close contact of 1.205830 angstroms between .R<TYR 488>.A<CE2 16> and .R<LIG 613>.A<H65 65>

/apps/cuda/11.0.207/gcc/9.3.0/amber/20/bin/teLeap: Warning!
Close contact of 0.655256 angstroms between .R<TYR 488>.A<CE2 16> and .R<LIG 613>.A<H64 64>

/apps/cuda/11.0.207/gcc/9.3.0/amber/20/bin/teLeap: Warning!
Close contact of 0.690212 angstroms between .R<TYR 488>.A<CE2 16> and .R<LIG 613>.A<C19 19>

/apps/cuda/11.0.207/gcc/9.3.0/amber/20/bin/teLeap: Warning!
Close contact of 0.929989 angstroms between .R<TYR 488>.A<HE2 17> and .R<LIG 613>.A<H65 65>

/apps/cuda/11.0.207/gcc/9.3.0/amber/20/bin/teLeap: Warning!
Close contact of 1.488089 angstroms between .R<TYR 488>.A<HE2 17> and .R<LIG 613>.A<H64 64>

/apps/cuda/11.0.207/gcc/9.3.0/amber/20/bin/teLeap: Warning!
Close contact of 1.457219 angstroms between .R<TYR 488>.A<HE2 17> and .R<LIG 613>.A<C19 19>

/apps/cuda/11.0.207/gcc/9.3.0/amber/20/bin/teLeap: Warning!
Close contact of 0.885967 angstroms between .R<TYR 488>.A<CD2 18> and .R<LIG 613>.A<H64 64>

/apps/cuda/11.0.207/gcc/9.3.0/amber/20/bin/teLeap: Warning!
Close contact of 1.109557 angstroms between .R<PHE 487>.A<HA 4> and .R<LIG 613>.A<H74 74>

/apps/cuda/11.0.207/gcc/9.3.0/amber/20/bin/teLeap: Warning!
Close contact of 1.203268 angstroms between .R<PHE 487>.A<HA 4> and .R<LIG 613>.A<C32 32>

/apps/cuda/11.0.207/gcc/9.3.0/amber/20/bin/teLeap: Warning!
Close contact of 1.127362 angstroms between .R<PHE 487>.A<C 19> and .R<LIG 613>.A<H73 73>

/apps/cuda/11.0.207/gcc/9.3.0/amber/20/bin/teLeap: Warning!
Close contact of 0.665302 angstroms between .R<ASP 482>.A<N 1> and .R<LIG 613>.A<H76 76>

/apps/cuda/11.0.207/gcc/9.3.0/amber/20/bin/teLeap: Warning!
Close contact of 1.251434 angstroms between .R<ASP 482>.A<N 1> and .R<LIG 613>.A<C34 34>

/apps/cuda/11.0.207/gcc/9.3.0/amber/20/bin/teLeap: Warning!
Close contact of 1.297911 angstroms between .R<ASP 482>.A<H 2> and .R<LIG 613>.A<H76 76>

/apps/cuda/11.0.207/gcc/9.3.0/amber/20/bin/teLeap: Warning!
Close contact of 1.132822 angstroms between .R<ASP 482>.A<H 2> and .R<LIG 613>.A<C34 34>

/apps/cuda/11.0.207/gcc/9.3.0/amber/20/bin/teLeap: Warning!
Close contact of 1.221312 angstroms between .R<ASP 482>.A<H 2> and .R<LIG 613>.A<C29 29>

/apps/cuda/11.0.207/gcc/9.3.0/amber/20/bin/teLeap: Warning!
Close contact of 1.415916 angstroms between .R<ASP 482>.A<CA 3> and .R<LIG 613>.A<H66 66>

/apps/cuda/11.0.207/gcc/9.3.0/amber/20/bin/teLeap: Warning!
Close contact of 1.460817 angstroms between .R<ASP 482>.A<CB 5> and .R<LIG 613>.A<H71 71>

/apps/cuda/11.0.207/gcc/9.3.0/amber/20/bin/teLeap: Warning!
Close contact of 1.314438 angstroms between .R<ASP 482>.A<CB 5> and .R<LIG 613>.A<H66 66>

/apps/cuda/11.0.207/gcc/9.3.0/amber/20/bin/teLeap: Warning!
Close contact of 1.032877 angstroms between .R<ASP 482>.A<HB3 7> and .R<LIG 613>.A<H66 66>

/apps/cuda/11.0.207/gcc/9.3.0/amber/20/bin/teLeap: Warning!
Close contact of 1.367344 angstroms between .R<ASP 482>.A<HB3 7> and .R<LIG 613>.A<C22 22>

/apps/cuda/11.0.207/gcc/9.3.0/amber/20/bin/teLeap: Warning!
Close contact of 0.594398 angstroms between .R<ASP 482>.A<CG 8> and .R<LIG 613>.A<H71 71>

/apps/cuda/11.0.207/gcc/9.3.0/amber/20/bin/teLeap: Warning!
Close contact of 0.549794 angstroms between .R<ASP 482>.A<CG 8> and .R<LIG 613>.A<C28 28>

/apps/cuda/11.0.207/gcc/9.3.0/amber/20/bin/teLeap: Warning!
Close contact of 0.964373 angstroms between .R<ASP 482>.A<OD1 9> and .R<LIG 613>.A<H71 71>

/apps/cuda/11.0.207/gcc/9.3.0/amber/20/bin/teLeap: Warning!
Close contact of 1.456595 angstroms between .R<ASP 482>.A<OD1 9> and .R<LIG 613>.A<C28 28>

/apps/cuda/11.0.207/gcc/9.3.0/amber/20/bin/teLeap: Warning!
Close contact of 0.880066 angstroms between .R<ASP 482>.A<OD2 10> and .R<LIG 613>.A<C28 28>

/apps/cuda/11.0.207/gcc/9.3.0/amber/20/bin/teLeap: Warning!
Close contact of 1.116739 angstroms between .R<ASP 482>.A<OD2 10> and .R<LIG 613>.A<C27 27>

/apps/cuda/11.0.207/gcc/9.3.0/amber/20/bin/teLeap: Warning!
Close contact of 0.833716 angstroms between .R<THR 481>.A<CA 3> and .R<LIG 613>.A<H75 75>

/apps/cuda/11.0.207/gcc/9.3.0/amber/20/bin/teLeap: Warning!
Close contact of 0.871955 angstroms between .R<THR 481>.A<CA 3> and .R<LIG 613>.A<C33 33>

/apps/cuda/11.0.207/gcc/9.3.0/amber/20/bin/teLeap: Warning!
Close contact of 1.393423 angstroms between .R<THR 481>.A<HA 4> and .R<LIG 613>.A<H75 75>

/apps/cuda/11.0.207/gcc/9.3.0/amber/20/bin/teLeap: Warning!
Close contact of 1.388414 angstroms between .R<THR 481>.A<HA 4> and .R<LIG 613>.A<C34 34>

/apps/cuda/11.0.207/gcc/9.3.0/amber/20/bin/teLeap: Warning!
Close contact of 0.358758 angstroms between .R<THR 481>.A<HA 4> and .R<LIG 613>.A<C33 33>

/apps/cuda/11.0.207/gcc/9.3.0/amber/20/bin/teLeap: Warning!
Close contact of 1.149125 angstroms between .R<THR 481>.A<HA 4> and .R<LIG 613>.A<C32 32>

/apps/cuda/11.0.207/gcc/9.3.0/amber/20/bin/teLeap: Warning!
Close contact of 1.017858 angstroms between .R<THR 481>.A<CB 5> and .R<LIG 613>.A<H75 75>

/apps/cuda/11.0.207/gcc/9.3.0/amber/20/bin/teLeap: Warning!
Close contact of 1.026811 angstroms between .R<THR 481>.A<C 13> and .R<LIG 613>.A<H76 76>

/apps/cuda/11.0.207/gcc/9.3.0/amber/20/bin/teLeap: Warning!
Close contact of 1.369302 angstroms between .R<THR 481>.A<C 13> and .R<LIG 613>.A<C34 34>

/apps/cuda/11.0.207/gcc/9.3.0/amber/20/bin/teLeap: Warning!
Close contact of 0.445938 angstroms between .R<CYS 466>.A<N 1> and .R<LIG 613>.A<O4 4>

/apps/cuda/11.0.207/gcc/9.3.0/amber/20/bin/teLeap: Warning!
Close contact of 0.755369 angstroms between .R<CYS 466>.A<H 2> and .R<LIG 613>.A<O4 4>

/apps/cuda/11.0.207/gcc/9.3.0/amber/20/bin/teLeap: Warning!
Close contact of 1.360664 angstroms between .R<CYS 466>.A<H 2> and .R<LIG 613>.A<C3 3>

/apps/cuda/11.0.207/gcc/9.3.0/amber/20/bin/teLeap: Warning!
Close contact of 0.521335 angstroms between .R<CYS 466>.A<CB 5> and .R<LIG 613>.A<H38 38>

/apps/cuda/11.0.207/gcc/9.3.0/amber/20/bin/teLeap: Warning!
Close contact of 1.292957 angstroms between .R<CYS 466>.A<CB 5> and .R<LIG 613>.A<C37 37>

/apps/cuda/11.0.207/gcc/9.3.0/amber/20/bin/teLeap: Warning!
Close contact of 0.753574 angstroms between .R<CYS 466>.A<HB2 6> and .R<LIG 613>.A<H38 38>

/apps/cuda/11.0.207/gcc/9.3.0/amber/20/bin/teLeap: Warning!
Close contact of 1.132492 angstroms between .R<CYS 466>.A<HB3 7> and .R<LIG 613>.A<H38 38>

/apps/cuda/11.0.207/gcc/9.3.0/amber/20/bin/teLeap: Warning!
Close contact of 1.068375 angstroms between .R<CYS 466>.A<HB3 7> and .R<LIG 613>.A<C37 37>

/apps/cuda/11.0.207/gcc/9.3.0/amber/20/bin/teLeap: Warning!
Close contact of 1.409091 angstroms between .R<CYS 466>.A<HB3 7> and .R<LIG 613>.A<C5 5>

/apps/cuda/11.0.207/gcc/9.3.0/amber/20/bin/teLeap: Warning!
Close contact of 1.304104 angstroms between .R<CYS 466>.A<SG 8> and .R<LIG 613>.A<C39 39>

/apps/cuda/11.0.207/gcc/9.3.0/amber/20/bin/teLeap: Warning!
Close contact of 1.426431 angstroms between .R<CYS 466>.A<HG 9> and .R<LIG 613>.A<C47 47>

/apps/cuda/11.0.207/gcc/9.3.0/amber/20/bin/teLeap: Warning!
Close contact of 1.348257 angstroms between .R<CYS 466>.A<HG 9> and .R<LIG 613>.A<C40 40>

/apps/cuda/11.0.207/gcc/9.3.0/amber/20/bin/teLeap: Warning!
Close contact of 0.047113 angstroms between .R<CYS 466>.A<HG 9> and .R<LIG 613>.A<C39 39>

/apps/cuda/11.0.207/gcc/9.3.0/amber/20/bin/teLeap: Warning!
Close contact of 1.497833 angstroms between .R<CYS 466>.A<HG 9> and .R<LIG 613>.A<C37 37>

/apps/cuda/11.0.207/gcc/9.3.0/amber/20/bin/teLeap: Warning!
Close contact of 1.442258 angstroms between .R<SER 464>.A<HB2 6> and .R<LIG 613>.A<H52 52>

/apps/cuda/11.0.207/gcc/9.3.0/amber/20/bin/teLeap: Warning!
Close contact of 1.192984 angstroms between .R<SER 464>.A<C 10> and .R<LIG 613>.A<H53 53>

/apps/cuda/11.0.207/gcc/9.3.0/amber/20/bin/teLeap: Warning!
Close contact of 0.693851 angstroms between .R<SER 464>.A<O 11> and .R<LIG 613>.A<H53 53>

/apps/cuda/11.0.207/gcc/9.3.0/amber/20/bin/teLeap: Warning!
Close contact of 1.360240 angstroms between .R<SER 464>.A<O 11> and .R<LIG 613>.A<H52 52>

/apps/cuda/11.0.207/gcc/9.3.0/amber/20/bin/teLeap: Warning!
Close contact of 1.185284 angstroms between .R<SER 464>.A<O 11> and .R<LIG 613>.A<H51 51>

/apps/cuda/11.0.207/gcc/9.3.0/amber/20/bin/teLeap: Warning!
Close contact of 0.677220 angstroms between .R<SER 464>.A<O 11> and .R<LIG 613>.A<C7 7>

/apps/cuda/11.0.207/gcc/9.3.0/amber/20/bin/teLeap: Warning!
Close contact of 0.841619 angstroms between .R<ASN 457>.A<H 2> and .R<LIG 613>.A<H51 51>

/apps/cuda/11.0.207/gcc/9.3.0/amber/20/bin/teLeap: Warning!
Close contact of 1.323828 angstroms between .R<ASN 457>.A<ND2 10> and .R<LIG 613>.A<H81 81>

/apps/cuda/11.0.207/gcc/9.3.0/amber/20/bin/teLeap: Warning!
Close contact of 1.467746 angstroms between .R<ASN 457>.A<HD21 11> and .R<LIG 613>.A<H82 82>

/apps/cuda/11.0.207/gcc/9.3.0/amber/20/bin/teLeap: Warning!
Close contact of 1.444959 angstroms between .R<ASN 457>.A<HD21 11> and .R<LIG 613>.A<H81 81>

/apps/cuda/11.0.207/gcc/9.3.0/amber/20/bin/teLeap: Warning!
Close contact of 0.948590 angstroms between .R<ASN 457>.A<HD22 12> and .R<LIG 613>.A<H81 81>

/apps/cuda/11.0.207/gcc/9.3.0/amber/20/bin/teLeap: Warning!
Close contact of 1.181323 angstroms between .R<PHE 456>.A<N 1> and .R<LIG 613>.A<H48 48>

/apps/cuda/11.0.207/gcc/9.3.0/amber/20/bin/teLeap: Warning!
Close contact of 1.226063 angstroms between .R<PHE 456>.A<HA 4> and .R<LIG 613>.A<O2 2>

/apps/cuda/11.0.207/gcc/9.3.0/amber/20/bin/teLeap: Warning!
Close contact of 1.484186 angstroms between .R<GLY 455>.A<C 6> and .R<LIG 613>.A<H50 50>

/apps/cuda/11.0.207/gcc/9.3.0/amber/20/bin/teLeap: Warning!
Close contact of 0.691027 angstroms between .R<GLY 455>.A<C 6> and .R<LIG 613>.A<H48 48>

/apps/cuda/11.0.207/gcc/9.3.0/amber/20/bin/teLeap: Warning!
Close contact of 1.231357 angstroms between .R<GLY 455>.A<C 6> and .R<LIG 613>.A<C1 1>

/apps/cuda/11.0.207/gcc/9.3.0/amber/20/bin/teLeap: Warning!
Close contact of 0.669140 angstroms between .R<GLY 455>.A<O 7> and .R<LIG 613>.A<H50 50>

/apps/cuda/11.0.207/gcc/9.3.0/amber/20/bin/teLeap: Warning!
Close contact of 1.218119 angstroms between .R<GLY 455>.A<O 7> and .R<LIG 613>.A<H49 49>

/apps/cuda/11.0.207/gcc/9.3.0/amber/20/bin/teLeap: Warning!
Close contact of 1.280608 angstroms between .R<GLY 455>.A<O 7> and .R<LIG 613>.A<H48 48>

/apps/cuda/11.0.207/gcc/9.3.0/amber/20/bin/teLeap: Warning!
Close contact of 0.542311 angstroms between .R<GLY 455>.A<O 7> and .R<LIG 613>.A<C1 1>

/apps/cuda/11.0.207/gcc/9.3.0/amber/20/bin/teLeap: Warning!
Close contact of 1.331696 angstroms between .R<SER 450>.A<HG 9> and .R<PHE 446>.A<HB3 7>

/apps/cuda/11.0.207/gcc/9.3.0/amber/20/bin/teLeap: Warning!
Close contact of 1.076944 angstroms between .R<LEU 447>.A<H 2> and .R<TYR 424>.A<HH 15>

/apps/cuda/11.0.207/gcc/9.3.0/amber/20/bin/teLeap: Warning!
Close contact of 1.170817 angstroms between .R<SER 419>.A<HG 9> and .R<PHE 314>.A<H 2>

/apps/cuda/11.0.207/gcc/9.3.0/amber/20/bin/teLeap: Warning!
Close contact of 1.289072 angstroms between .R<PHE 418>.A<HB3 7> and .R<LIG 613>.A<H82 82>

/apps/cuda/11.0.207/gcc/9.3.0/amber/20/bin/teLeap: Warning!
Close contact of 1.405385 angstroms between .R<PHE 418>.A<HB3 7> and .R<LIG 613>.A<C42 42>

/apps/cuda/11.0.207/gcc/9.3.0/amber/20/bin/teLeap: Warning!
Close contact of 0.619225 angstroms between .R<PHE 418>.A<HB3 7> and .R<LIG 613>.A<C41 41>

/apps/cuda/11.0.207/gcc/9.3.0/amber/20/bin/teLeap: Warning!
Close contact of 1.207111 angstroms between .R<PHE 418>.A<CD1 9> and .R<LIG 613>.A<H83 83>

/apps/cuda/11.0.207/gcc/9.3.0/amber/20/bin/teLeap: Warning!
Close contact of 1.462273 angstroms between .R<PHE 418>.A<CD1 9> and .R<LIG 613>.A<O45 45>

/apps/cuda/11.0.207/gcc/9.3.0/amber/20/bin/teLeap: Warning!
Close contact of 1.485499 angstroms between .R<PHE 418>.A<CD1 9> and .R<LIG 613>.A<N44 44>

/apps/cuda/11.0.207/gcc/9.3.0/amber/20/bin/teLeap: Warning!
Close contact of 1.379599 angstroms between .R<PHE 418>.A<CD1 9> and .R<LIG 613>.A<C43 43>

/apps/cuda/11.0.207/gcc/9.3.0/amber/20/bin/teLeap: Warning!
Close contact of 1.331281 angstroms between .R<PHE 418>.A<CD1 9> and .R<LIG 613>.A<C42 42>

/apps/cuda/11.0.207/gcc/9.3.0/amber/20/bin/teLeap: Warning!
Close contact of 1.116415 angstroms between .R<PHE 418>.A<HD1 10> and .R<LIG 613>.A<H83 83>

/apps/cuda/11.0.207/gcc/9.3.0/amber/20/bin/teLeap: Warning!
Close contact of 1.139980 angstroms between .R<PHE 418>.A<HD1 10> and .R<LIG 613>.A<C42 42>

/apps/cuda/11.0.207/gcc/9.3.0/amber/20/bin/teLeap: Warning!
Close contact of 0.228171 angstroms between .R<PHE 418>.A<CE1 11> and .R<LIG 613>.A<O45 45>

/apps/cuda/11.0.207/gcc/9.3.0/amber/20/bin/teLeap: Warning!
Close contact of 0.994904 angstroms between .R<PHE 418>.A<CE1 11> and .R<LIG 613>.A<N44 44>

/apps/cuda/11.0.207/gcc/9.3.0/amber/20/bin/teLeap: Warning!
Close contact of 1.123034 angstroms between .R<PHE 418>.A<HE1 12> and .R<LIG 613>.A<O45 45>

/apps/cuda/11.0.207/gcc/9.3.0/amber/20/bin/teLeap: Warning!
Close contact of 1.355838 angstroms between .R<PHE 418>.A<CZ 13> and .R<LIG 613>.A<O45 45>

/apps/cuda/11.0.207/gcc/9.3.0/amber/20/bin/teLeap: Warning!
Close contact of 1.484044 angstroms between .R<THR 417>.A<O 14> and .R<LIG 613>.A<H82 82>

/apps/cuda/11.0.207/gcc/9.3.0/amber/20/bin/teLeap: Warning!
Close contact of 1.304495 angstroms between .R<ILE 412>.A<N 1> and .R<LIG 613>.A<H79 79>

/apps/cuda/11.0.207/gcc/9.3.0/amber/20/bin/teLeap: Warning!
Close contact of 0.610777 angstroms between .R<ILE 412>.A<N 1> and .R<LIG 613>.A<H58 58>

/apps/cuda/11.0.207/gcc/9.3.0/amber/20/bin/teLeap: Warning!
Close contact of 1.155521 angstroms between .R<ILE 412>.A<H 2> and .R<LIG 613>.A<H79 79>

/apps/cuda/11.0.207/gcc/9.3.0/amber/20/bin/teLeap: Warning!
Close contact of 1.345911 angstroms between .R<ILE 412>.A<H 2> and .R<LIG 613>.A<H58 58>

/apps/cuda/11.0.207/gcc/9.3.0/amber/20/bin/teLeap: Warning!
Close contact of 1.139044 angstroms between .R<ILE 412>.A<CA 3> and .R<LIG 613>.A<H59 59>

/apps/cuda/11.0.207/gcc/9.3.0/amber/20/bin/teLeap: Warning!
Close contact of 0.859897 angstroms between .R<ILE 412>.A<CA 3> and .R<LIG 613>.A<H58 58>

/apps/cuda/11.0.207/gcc/9.3.0/amber/20/bin/teLeap: Warning!
Close contact of 1.089605 angstroms between .R<ILE 412>.A<CA 3> and .R<LIG 613>.A<C15 15>

/apps/cuda/11.0.207/gcc/9.3.0/amber/20/bin/teLeap: Warning!
Close contact of 0.712060 angstroms between .R<ILE 412>.A<CB 5> and .R<LIG 613>.A<H59 59>

/apps/cuda/11.0.207/gcc/9.3.0/amber/20/bin/teLeap: Warning!
Close contact of 1.099064 angstroms between .R<ILE 412>.A<CB 5> and .R<LIG 613>.A<C15 15>

/apps/cuda/11.0.207/gcc/9.3.0/amber/20/bin/teLeap: Warning!
Close contact of 1.069592 angstroms between .R<ILE 412>.A<HB 6> and .R<LIG 613>.A<H59 59>

/apps/cuda/11.0.207/gcc/9.3.0/amber/20/bin/teLeap: Warning!
Close contact of 1.486738 angstroms between .R<ILE 412>.A<CG2 7> and .R<LIG 613>.A<O14 14>

/apps/cuda/11.0.207/gcc/9.3.0/amber/20/bin/teLeap: Warning!
Close contact of 1.337659 angstroms between .R<ILE 412>.A<CG2 7> and .R<LIG 613>.A<O13 13>

/apps/cuda/11.0.207/gcc/9.3.0/amber/20/bin/teLeap: Warning!
Close contact of 0.915204 angstroms between .R<ILE 412>.A<CG2 7> and .R<LIG 613>.A<C12 12>

/apps/cuda/11.0.207/gcc/9.3.0/amber/20/bin/teLeap: Warning!
Close contact of 1.230683 angstroms between .R<ILE 412>.A<HG21 8> and .R<LIG 613>.A<O14 14>

/apps/cuda/11.0.207/gcc/9.3.0/amber/20/bin/teLeap: Warning!
Close contact of 1.418435 angstroms between .R<ILE 412>.A<HG21 8> and .R<LIG 613>.A<O13 13>

/apps/cuda/11.0.207/gcc/9.3.0/amber/20/bin/teLeap: Warning!
Close contact of 0.243647 angstroms between .R<ILE 412>.A<HG21 8> and .R<LIG 613>.A<C12 12>

/apps/cuda/11.0.207/gcc/9.3.0/amber/20/bin/teLeap: Warning!
Close contact of 1.376195 angstroms between .R<ILE 412>.A<HG21 8> and .R<LIG 613>.A<C11 11>

/apps/cuda/11.0.207/gcc/9.3.0/amber/20/bin/teLeap: Warning!
Close contact of 0.934923 angstroms between .R<ILE 412>.A<HG23 10> and .R<LIG 613>.A<O13 13>

/apps/cuda/11.0.207/gcc/9.3.0/amber/20/bin/teLeap: Warning!
Close contact of 1.089358 angstroms between .R<ILE 412>.A<CG1 11> and .R<LIG 613>.A<H61 61>

/apps/cuda/11.0.207/gcc/9.3.0/amber/20/bin/teLeap: Warning!
Close contact of 1.457096 angstroms between .R<ILE 412>.A<CG1 11> and .R<LIG 613>.A<C16 16>

/apps/cuda/11.0.207/gcc/9.3.0/amber/20/bin/teLeap: Warning!
Close contact of 1.388842 angstroms between .R<ILE 412>.A<HG12 12> and .R<LIG 613>.A<O14 14>

/apps/cuda/11.0.207/gcc/9.3.0/amber/20/bin/teLeap: Warning!
Close contact of 0.558645 angstroms between .R<ILE 412>.A<HG13 13> and .R<LIG 613>.A<H61 61>

/apps/cuda/11.0.207/gcc/9.3.0/amber/20/bin/teLeap: Warning!
Close contact of 1.405016 angstroms between .R<ILE 412>.A<HG13 13> and .R<LIG 613>.A<H60 60>

/apps/cuda/11.0.207/gcc/9.3.0/amber/20/bin/teLeap: Warning!
Close contact of 0.878118 angstroms between .R<ILE 412>.A<HG13 13> and .R<LIG 613>.A<C16 16>

/apps/cuda/11.0.207/gcc/9.3.0/amber/20/bin/teLeap: Warning!
Close contact of 0.831313 angstroms between .R<ARG 411>.A<HG3 10> and .R<LIG 613>.A<H77 77>

/apps/cuda/11.0.207/gcc/9.3.0/amber/20/bin/teLeap: Warning!
Close contact of 1.360034 angstroms between .R<ARG 411>.A<HG3 10> and .R<LIG 613>.A<C35 35>

/apps/cuda/11.0.207/gcc/9.3.0/amber/20/bin/teLeap: Warning!
Close contact of 1.476550 angstroms between .R<ARG 411>.A<HD2 12> and .R<LIG 613>.A<C25 25>

/apps/cuda/11.0.207/gcc/9.3.0/amber/20/bin/teLeap: Warning!
Close contact of 1.107338 angstroms between .R<ARG 411>.A<CZ 16> and .R<LIG 613>.A<H67 67>

/apps/cuda/11.0.207/gcc/9.3.0/amber/20/bin/teLeap: Warning!
Close contact of 0.491880 angstroms between .R<ARG 411>.A<NH1 17> and .R<LIG 613>.A<H67 67>

/apps/cuda/11.0.207/gcc/9.3.0/amber/20/bin/teLeap: Warning!
Close contact of 0.945285 angstroms between .R<ARG 411>.A<NH1 17> and .R<LIG 613>.A<C24 24>

/apps/cuda/11.0.207/gcc/9.3.0/amber/20/bin/teLeap: Warning!
Close contact of 1.060076 angstroms between .R<ARG 411>.A<HH11 18> and .R<LIG 613>.A<H67 67>

/apps/cuda/11.0.207/gcc/9.3.0/amber/20/bin/teLeap: Warning!
Close contact of 0.283098 angstroms between .R<ARG 411>.A<HH11 18> and .R<LIG 613>.A<C24 24>

/apps/cuda/11.0.207/gcc/9.3.0/amber/20/bin/teLeap: Warning!
Close contact of 1.253760 angstroms between .R<ARG 411>.A<HH11 18> and .R<LIG 613>.A<C23 23>

/apps/cuda/11.0.207/gcc/9.3.0/amber/20/bin/teLeap: Warning!
Close contact of 1.412377 angstroms between .R<ARG 411>.A<HH12 19> and .R<LIG 613>.A<H67 67>

/apps/cuda/11.0.207/gcc/9.3.0/amber/20/bin/teLeap: Warning!
Close contact of 1.441613 angstroms between .R<THR 404>.A<HG1 12> and .R<ASP 339>.A<H 2>

/apps/cuda/11.0.207/gcc/9.3.0/amber/20/bin/teLeap: Warning!
Close contact of 1.198108 angstroms between .R<TYR 182>.A<HH 15> and .R<ILE 106>.A<H 2>

/apps/cuda/11.0.207/gcc/9.3.0/amber/20/bin/teLeap: Warning!
Close contact of 1.388595 angstroms between .R<SER 144>.A<HG 9> and .R<PHE 140>.A<HB3 7>

/apps/cuda/11.0.207/gcc/9.3.0/amber/20/bin/teLeap: Warning!
Close contact of 0.938253 angstroms between .R<LEU 141>.A<H 2> and .R<TYR 118>.A<HH 15>

/apps/cuda/11.0.207/gcc/9.3.0/amber/20/bin/teLeap: Warning!
Close contact of 1.038655 angstroms between .R<SER 113>.A<HG 9> and .R<PHE 8>.A<H 2>

/apps/cuda/11.0.207/gcc/9.3.0/amber/20/bin/teLeap: Warning!
Close contact of 1.440863 angstroms between .R<THR 98>.A<HG1 12> and .R<ASP 33>.A<H 2>
Checking parameters for unit 'solvcomplex'.
Checking for bond parameters.
Checking for angle parameters.
check:  Warnings: 145
Unit is OK.
> 
> ###write solvated toplogy and coordinate file
> saveamberparm solvcomplex mpro.wet.complex.parm7 mpro.wet.complex.rst7
Checking Unit.
Building topology.
Building atom parameters.
Building bond parameters.
Building angle parameters.
Building proper torsion parameters.
Building improper torsion parameters.
 total 1974 improper torsions applied
Building H-Bond parameters.
Incorporating Non-Bonded adjustments.
Not Marking per-residue atom chain types.
Marking per-residue atom chain types.
  (Residues lacking connect0/connect1 - 
   these don't have chain types marked:

	res	total affected

	CGLN	2
	LIG	1
	NSER	2
	WAT	36217
  )
 (no restraints)
> quit
	Quit

Exiting LEaP: Errors = 0; Warnings = 158; Notes = 3.
log started: Sat Dec 11 15:22:33 2021

Log file: ./leap.log
>> #
>> # ----- leaprc for loading the ff14SB force field
>> # ----- NOTE: this is designed for PDB format 3!
>> #
>> #	load atom type hybridizations
>> #
>> addAtomTypes {
>> 	{ "H"   "H" "sp3" }
>> 	{ "HO"  "H" "sp3" }
>> 	{ "HS"  "H" "sp3" }
>> 	{ "H1"  "H" "sp3" }
>> 	{ "H2"  "H" "sp3" }
>> 	{ "H3"  "H" "sp3" }
>> 	{ "H4"  "H" "sp3" }
>> 	{ "H5"  "H" "sp3" }
>> 	{ "HW"  "H" "sp3" }
>> 	{ "HC"  "H" "sp3" }
>> 	{ "HA"  "H" "sp3" }
>> 	{ "HP"  "H" "sp3" }
>> 	{ "HZ"  "H" "sp3" }
>> 	{ "OH"  "O" "sp3" }
>> 	{ "OS"  "O" "sp3" }
>> 	{ "O"   "O" "sp2" }
>> 	{ "O2"  "O" "sp2" }
>> 	{ "OP"  "O" "sp2" }
>> 	{ "OW"  "O" "sp3" }
>> 	{ "CT"  "C" "sp3" }
>> 	{ "CX"  "C" "sp3" }
>> 	{ "C8"  "C" "sp3" }
>> 	{ "2C"  "C" "sp3" }
>> 	{ "3C"  "C" "sp3" }
>> 	{ "CH"  "C" "sp3" }
>> 	{ "CS"  "C" "sp2" }
>> 	{ "C"   "C" "sp2" }
>> 	{ "CO"   "C" "sp2" }
>> 	{ "C*"  "C" "sp2" }
>> 	{ "CA"  "C" "sp2" }
>> 	{ "CB"  "C" "sp2" }
>> 	{ "CC"  "C" "sp2" }
>> 	{ "CN"  "C" "sp2" }
>> 	{ "CM"  "C" "sp2" }
>> 	{ "CK"  "C" "sp2" }
>> 	{ "CQ"  "C" "sp2" }
>> 	{ "CD"  "C" "sp2" }
>> 	{ "C5"  "C" "sp2" }
>> 	{ "C4"  "C" "sp2" }
>> 	{ "CP"  "C" "sp2" }
>> 	{ "CI"  "C" "sp3" }
>> 	{ "CJ"  "C" "sp2" }
>> 	{ "CW"  "C" "sp2" }
>> 	{ "CV"  "C" "sp2" }
>> 	{ "CR"  "C" "sp2" }
>> 	{ "CA"  "C" "sp2" }
>> 	{ "CY"  "C" "sp2" }
>> 	{ "C0"  "Ca" "sp3" }
>> 	{ "MG"  "Mg" "sp3" }
>> 	{ "N"   "N" "sp2" }
>> 	{ "NA"  "N" "sp2" }
>> 	{ "N2"  "N" "sp2" }
>> 	{ "N*"  "N" "sp2" }
>> 	{ "NP"  "N" "sp2" }
>> 	{ "NQ"  "N" "sp2" }
>> 	{ "NB"  "N" "sp2" }
>> 	{ "NC"  "N" "sp2" }
>> 	{ "NT"  "N" "sp3" }
>> 	{ "NY"  "N" "sp2" }
>> 	{ "N3"  "N" "sp3" }
>> 	{ "S"   "S" "sp3" }
>> 	{ "SH"  "S" "sp3" }
>> 	{ "P"   "P" "sp3" }
>> 	{ "LP"  ""  "sp3" }
>> 	{ "EP"  ""  "sp3" }
>> 	{ "F"   "F" "sp3" }
>> 	{ "Cl"  "Cl" "sp3" }
>> 	{ "Br"  "Br" "sp3" }
>> 	{ "I"   "I"  "sp3" }
>> }
>> #
>> #	Load the main parameter set.
>> #
>> parm10 = loadamberparams parm10.dat
Loading parameters: /apps/cuda/11.0.207/gcc/9.3.0/amber/20/dat/leap/parm/parm10.dat
Reading title:
PARM99 + frcmod.ff99SB + frcmod.parmbsc0 + OL3 for RNA
>> frcmod14SB = loadamberparams frcmod.ff14SB
Loading parameters: /apps/cuda/11.0.207/gcc/9.3.0/amber/20/dat/leap/parm/frcmod.ff14SB
Reading force field modification type file (frcmod)
Reading title:
ff14SB protein backbone and sidechain parameters
>> #
>> #	Load main chain and terminating amino acid libraries
>> #
>> loadOff amino12.lib
Loading library: /apps/cuda/11.0.207/gcc/9.3.0/amber/20/dat/leap/lib/amino12.lib
Loading: ALA
Loading: ARG
Loading: ASH
Loading: ASN
Loading: ASP
Loading: CYM
Loading: CYS
Loading: CYX
Loading: GLH
Loading: GLN
Loading: GLU
Loading: GLY
Loading: HID
Loading: HIE
Loading: HIP
Loading: HYP
Loading: ILE
Loading: LEU
Loading: LYN
Loading: LYS
Loading: MET
Loading: PHE
Loading: PRO
Loading: SER
Loading: THR
Loading: TRP
Loading: TYR
Loading: VAL
>> loadOff aminoct12.lib
Loading library: /apps/cuda/11.0.207/gcc/9.3.0/amber/20/dat/leap/lib/aminoct12.lib
Loading: CALA
Loading: CARG
Loading: CASN
Loading: CASP
Loading: CCYS
Loading: CCYX
Loading: CGLN
Loading: CGLU
Loading: CGLY
Loading: CHID
Loading: CHIE
Loading: CHIP
Loading: CHYP
Loading: CILE
Loading: CLEU
Loading: CLYS
Loading: CMET
Loading: CPHE
Loading: CPRO
Loading: CSER
Loading: CTHR
Loading: CTRP
Loading: CTYR
Loading: CVAL
Loading: NHE
Loading: NME
>> loadOff aminont12.lib
Loading library: /apps/cuda/11.0.207/gcc/9.3.0/amber/20/dat/leap/lib/aminont12.lib
Loading: ACE
Loading: NALA
Loading: NARG
Loading: NASN
Loading: NASP
Loading: NCYS
Loading: NCYX
Loading: NGLN
Loading: NGLU
Loading: NGLY
Loading: NHID
Loading: NHIE
Loading: NHIP
Loading: NILE
Loading: NLEU
Loading: NLYS
Loading: NMET
Loading: NPHE
Loading: NPRO
Loading: NSER
Loading: NTHR
Loading: NTRP
Loading: NTYR
Loading: NVAL
>> 
>> #
>> #	Define the PDB name map for the amino acids
>> #
>> addPdbResMap {
>>   { 0 "HYP" "HYP" } { 1 "HYP" "CHYP" }
>>   { 0 "ALA" "NALA" } { 1 "ALA" "CALA" }
>>   { 0 "ARG" "NARG" } { 1 "ARG" "CARG" }
>>   { 0 "ASN" "NASN" } { 1 "ASN" "CASN" }
>>   { 0 "ASP" "NASP" } { 1 "ASP" "CASP" }
>>   { 0 "CYS" "NCYS" } { 1 "CYS" "CCYS" }
>>   { 0 "CYX" "NCYX" } { 1 "CYX" "CCYX" }
>>   { 0 "GLN" "NGLN" } { 1 "GLN" "CGLN" }
>>   { 0 "GLU" "NGLU" } { 1 "GLU" "CGLU" }
>>   { 0 "GLY" "NGLY" } { 1 "GLY" "CGLY" }
>>   { 0 "HID" "NHID" } { 1 "HID" "CHID" }
>>   { 0 "HIE" "NHIE" } { 1 "HIE" "CHIE" }
>>   { 0 "HIP" "NHIP" } { 1 "HIP" "CHIP" }
>>   { 0 "ILE" "NILE" } { 1 "ILE" "CILE" }
>>   { 0 "LEU" "NLEU" } { 1 "LEU" "CLEU" }
>>   { 0 "LYS" "NLYS" } { 1 "LYS" "CLYS" }
>>   { 0 "MET" "NMET" } { 1 "MET" "CMET" }
>>   { 0 "PHE" "NPHE" } { 1 "PHE" "CPHE" }
>>   { 0 "PRO" "NPRO" } { 1 "PRO" "CPRO" }
>>   { 0 "SER" "NSER" } { 1 "SER" "CSER" }
>>   { 0 "THR" "NTHR" } { 1 "THR" "CTHR" }
>>   { 0 "TRP" "NTRP" } { 1 "TRP" "CTRP" }
>>   { 0 "TYR" "NTYR" } { 1 "TYR" "CTYR" }
>>   { 0 "VAL" "NVAL" } { 1 "VAL" "CVAL" }
>>   { 0 "HIS" "NHIS" } { 1 "HIS" "CHIS" }
>> }
>> 
>> #
>> # assume that most often proteins use HIE
>> #
>> NHIS = NHIE
>> HIS = HIE
>> CHIS = CHIE
> 
> 
> ###load GAFF force field (for our ligand)
> source leaprc.gaff
----- Source: /apps/cuda/11.0.207/gcc/9.3.0/amber/20/dat/leap/cmd/leaprc.gaff
----- Source of /apps/cuda/11.0.207/gcc/9.3.0/amber/20/dat/leap/cmd/leaprc.gaff done
>> logFile leap.log
log started: Sat Dec 11 15:22:33 2021

Log file: ./leap.log
>> #
>> # ----- leaprc for loading the general Amber Force field.
>> #       This file is mostly for use with Antechamber
>> #
>> #	load atom type hybridizations
>> #
>> addAtomTypes {
>> 	{ "h1"  "H" "sp3" }
>> 	{ "h2"  "H" "sp3" }
>> 	{ "h3"  "H" "sp3" }
>> 	{ "h4"  "H" "sp3" }
>> 	{ "h5"  "H" "sp3" }
>> 	{ "ha"  "H" "sp3" }
>> 	{ "hc"  "H" "sp3" }
>> 	{ "hn"  "H" "sp3" }
>> 	{ "ho"  "H" "sp3" }
>> 	{ "hp"  "H" "sp3" }
>> 	{ "hs"  "H" "sp3" }
>> 	{ "hw"  "H" "sp3" }
>> 	{ "hx"  "H" "sp3" }
>> 	{ "o"  "O" "sp2" }
>> 	{ "o2"  "O" "sp2" }
>> 	{ "oh"  "O" "sp3" }
>> 	{ "op"  "O" "sp3" }
>> 	{ "oq"  "O" "sp3" }
>> 	{ "os"  "O" "sp3" }
>> 	{ "ow"  "O" "sp3" }
>> 	{ "c"  "C" "sp2" }
>> 	{ "c1"  "C" "sp2" }
>> 	{ "c2"  "C" "sp2" }
>> 	{ "c3"  "C" "sp3" }
>> 	{ "ca"  "C" "sp2" }
>> 	{ "cc"  "C" "sp2" }
>> 	{ "cd"  "C" "sp2" }
>> 	{ "ce"  "C" "sp2" }
>> 	{ "cf"  "C" "sp2" }
>> 	{ "cg"  "C" "sp2" }
>> 	{ "ch"  "C" "sp2" }
>> 	{ "cp"  "C" "sp2" }
>> 	{ "cq"  "C" "sp2" }
>> 	{ "cu"  "C" "sp2" }
>> 	{ "cv"  "C" "sp2" }
>> 	{ "cx"  "C" "sp2" }
>> 	{ "cy"  "C" "sp2" }
>> 	{ "cz"  "C" "sp2" }
>> 	{ "n"   "N" "sp2" }
>> 	{ "n1"  "N" "sp2" }
>> 	{ "n2"  "N" "sp2" }
>> 	{ "n3"  "N" "sp3" }
>> 	{ "n4"  "N" "sp3" }
>> 	{ "na"  "N" "sp2" }
>> 	{ "nb"  "N" "sp2" }
>> 	{ "nc"  "N" "sp2" }
>> 	{ "nd"  "N" "sp2" }
>> 	{ "ne"  "N" "sp2" }
>> 	{ "nf"  "N" "sp2" }
>> 	{ "nh"  "N" "sp2" }
>> 	{ "ni"  "N" "sp2" }
>> 	{ "nj"  "N" "sp2" }
>> 	{ "nk"  "N" "sp3" }
>> 	{ "nl"  "N" "sp3" }
>> 	{ "nm"  "N" "sp2" }
>> 	{ "nn"  "N" "sp2" }
>> 	{ "no"  "N" "sp2" }
>> 	{ "np"  "N" "sp3" }
>> 	{ "nq"  "N" "sp3" }
>> 	{ "s"   "S" "sp2" }
>> 	{ "s2"   "S" "sp2" }
>> 	{ "s3"   "S" "sp3" }
>> 	{ "s4"   "S" "sp3" }
>> 	{ "s6"   "S" "sp3" }
>> 	{ "sh"   "S" "sp3" }
>> 	{ "sp"   "S" "sp3" }
>> 	{ "sq"   "S" "sp3" }
>> 	{ "ss"   "S" "sp3" }
>> 	{ "sx"   "S" "sp3" }
>> 	{ "sy"   "S" "sp3" }
>> 	{ "p2"   "P" "sp2" }
>> 	{ "p3"   "P" "sp3" }
>> 	{ "p4"   "P" "sp3" }
>> 	{ "p5"   "P" "sp3" }
>> 	{ "pb"   "P" "sp3" }
>> 	{ "pc"   "P" "sp3" }
>> 	{ "pd"   "P" "sp3" }
>> 	{ "pe"   "P" "sp3" }
>> 	{ "pf"   "P" "sp3" }
>> 	{ "px"   "P" "sp3" }
>> 	{ "py"   "P" "sp3" }
>> 	{ "f"   "F" "sp3" }
>> 	{ "cl"  "Cl" "sp3" }
>> 	{ "br"  "Br" "sp3" }
>> 	{ "i"   "I"  "sp3" }
>> }
>> #
>> #	Load the general force field parameter set.
>> #
>> gaff = loadamberparams gaff.dat
Loading parameters: /apps/cuda/11.0.207/gcc/9.3.0/amber/20/dat/leap/parm/gaff.dat
Reading title:
AMBER General Force Field for organic molecules (Version 1.81, May 2017)
> 
> 
> ###load TIP3P (water) force field
> source leaprc.water.tip3p
----- Source: /apps/cuda/11.0.207/gcc/9.3.0/amber/20/dat/leap/cmd/leaprc.water.tip3p
----- Source of /apps/cuda/11.0.207/gcc/9.3.0/amber/20/dat/leap/cmd/leaprc.water.tip3p done
>> #
>> #       Load water and ions for TIP3P + Li/Merz monovalent ions 
>> #       + Joung-Chetham monovalent ions
>> #       + Li/Merz highly charged ions (+2 to +4, 12-6 normal usage set)
>> #
>> #       Note: the Li/Merz monovalent set is loaded only to get Tl+,
>> #          Cu+, Ag+ NH4+, H3O+.  Since we load Joung-Cheatham second,
>> #          the alkali halide parameters come from the Joung-Cheatham set
>> #
>> addAtomTypes {
>> 	{ "HW"  "H" "sp3" }
>> 	{ "OW"  "O" "sp3" }
>> 	{ "F-"   "F" "sp3" }
>> 	{ "Cl-"  "Cl" "sp3" }
>> 	{ "Br-"  "Br" "sp3" }
>> 	{ "I-"   "I"  "sp3" }
>> 	{ "Li+"  "Li"  "sp3" }
>> 	{ "Na+"  "Na"  "sp3" }
>> 	{ "K+"  "K"  "sp3" }
>> 	{ "Rb+"  "Rb"  "sp3" }
>> 	{ "Cs+"  "Cs"  "sp3" }
>> 	{ "Mg+"  "Mg"  "sp3" }
>>     { "Tl+"  "Tl"  "sp3" }
>>     { "Cu+"  "Cu"  "sp3" }
>>     { "Ag+"  "Ag"  "sp3" }
>>     { "NH4+"  "N"  "sp3" }
>>     { "H3O+"  "O"  "sp3" }
>>     { "Be2+" "Be"  "sp3" }
>>     { "Cu2+" "Cu"  "sp3" }
>>     { "Ni2+" "Ni"  "sp3" }
>>     { "Pt2+" "Pt"  "sp3" }
>>     { "Zn2+" "Zn"  "sp3" }
>>     { "Co2+" "Co"  "sp3" }
>>     { "Pd2+" "Pd"  "sp3" }
>>     { "Ag2+" "Ag"  "sp3" }
>>     { "Cr2+" "Cr"  "sp3" }
>>     { "Fe2+" "Fe"  "sp3" }
>>     { "Mg2+" "Mg"  "sp3" }
>>     { "V2+"  "V"   "sp3" }
>>     { "Mn2+" "Mn"  "sp3" }
>>     { "Hg2+" "Hg"  "sp3" }
>>     { "Cd2+" "Cd"  "sp3" }
>>     { "Yb2+" "Yb"  "sp3" }
>>     { "Ca2+" "Ca"  "sp3" }
>>     { "Sn2+" "Sn"  "sp3" }
>>     { "Pb2+" "Pb"  "sp3" }
>>     { "Eu2+" "Eu"  "sp3" }
>>     { "Sr2+" "Sr"  "sp3" }
>>     { "Sm2+" "Sm"  "sp3" }
>>     { "Ba2+" "Ba"  "sp3" }
>>     { "Ra2+" "Ra"  "sp3" }
>>     { "Al3+" "Al"  "sp3" }
>>     { "Fe3+" "Fe"  "sp3" }
>>     { "Cr3+" "Cr"  "sp3" }
>>     { "In3+" "In"  "sp3" }
>>     { "Tl3+" "Tl"  "sp3" }
>>     { "Y3+"  "Y"   "sp3" }
>>     { "La3+" "La"  "sp3" }
>>     { "Ce3+" "Ce"  "sp3" }
>>     { "Pr3+" "Pr"  "sp3" }
>>     { "Nd3+" "Nd"  "sp3" }
>>     { "Sm3+" "Sm"  "sp3" }
>>     { "Eu3+" "Eu"  "sp3" }
>>     { "Gd3+" "Gd"  "sp3" }
>>     { "Tb3+" "Tb"  "sp3" }
>>     { "Dy3+" "Dy"  "sp3" }
>>     { "Er3+" "Er"  "sp3" }
>>     { "Tm3+" "Tm"  "sp3" }
>>     { "Lu3+" "Lu"  "sp3" }
>>     { "Hf4+" "Hf"  "sp3" }
>>     { "Zr4+" "Zr"  "sp3" }
>>     { "Ce4+" "Ce"  "sp3" }
>>     { "U4+"  "U"   "sp3" }
>>     { "Pu4+" "Pu"  "sp3" }
>>     { "Th4+" "Th"  "sp3" }
>> }
>> loadOff atomic_ions.lib
Loading library: /apps/cuda/11.0.207/gcc/9.3.0/amber/20/dat/leap/lib/atomic_ions.lib
Loading: AG
Loading: AL
Loading: Ag
Loading: BA
Loading: BR
Loading: Be
Loading: CA
Loading: CD
Loading: CE
Loading: CL
Loading: CO
Loading: CR
Loading: CS
Loading: CU
Loading: CU1
Loading: Ce
Loading: Cl-
Loading: Cr
Loading: Dy
Loading: EU
Loading: EU3
Loading: Er
Loading: F
Loading: FE
Loading: FE2
Loading: GD3
Loading: H3O+
Loading: HE+
Loading: HG
Loading: HZ+
Loading: Hf
Loading: IN
Loading: IOD
Loading: K
Loading: K+
Loading: LA
Loading: LI
Loading: LU
Loading: MG
Loading: MN
Loading: NA
Loading: NH4
Loading: NI
Loading: Na+
Loading: Nd
Loading: PB
Loading: PD
Loading: PR
Loading: PT
Loading: Pu
Loading: RB
Loading: Ra
Loading: SM
Loading: SR
Loading: Sm
Loading: Sn
Loading: TB
Loading: TL
Loading: Th
Loading: Tl
Loading: Tm
Loading: U4+
Loading: V2+
Loading: Y
Loading: YB2
Loading: ZN
Loading: Zr
>> loadOff solvents.lib
Loading library: /apps/cuda/11.0.207/gcc/9.3.0/amber/20/dat/leap/lib/solvents.lib
Loading: CHCL3BOX
Loading: DC4
Loading: FB3
Loading: FB3BOX
Loading: FB4
Loading: FB4BOX
Loading: MEOHBOX
Loading: NMABOX
Loading: OP3
Loading: OPC
Loading: OPC3BOX
Loading: OPCBOX
Loading: PL3
Loading: POL3BOX
Loading: QSPCFWBOX
Loading: SPC
Loading: SPCBOX
Loading: SPCFWBOX
Loading: SPF
Loading: SPG
Loading: T4E
Loading: TIP3PBOX
Loading: TIP3PFBOX
Loading: TIP4PBOX
Loading: TIP4PEWBOX
Loading: TIP5PBOX
Loading: TP3
Loading: TP4
Loading: TP5
Loading: TPF
>> HOH = TP3
>> WAT = TP3
>> loadAmberParams frcmod.tip3p
Loading parameters: /apps/cuda/11.0.207/gcc/9.3.0/amber/20/dat/leap/parm/frcmod.tip3p
Reading force field modification type file (frcmod)
Reading title:
This is the additional/replacement parameter set for TIP3P water
>> loadAmberParams frcmod.ions1lm_126_tip3p
Loading parameters: /apps/cuda/11.0.207/gcc/9.3.0/amber/20/dat/leap/parm/frcmod.ions1lm_126_tip3p
Reading force field modification type file (frcmod)
Reading title:
Li/Merz ion parameters of monovalent ions for TIP3P water model (12-6 normal usage set)
>> loadAmberParams frcmod.ionsjc_tip3p
Loading parameters: /apps/cuda/11.0.207/gcc/9.3.0/amber/20/dat/leap/parm/frcmod.ionsjc_tip3p
Reading force field modification type file (frcmod)
Reading title:
Monovalent ion parameters for Ewald and TIP3P water from Joung & Cheatham JPCB (2008)
>> loadAmberParams frcmod.ions234lm_126_tip3p
Loading parameters: /apps/cuda/11.0.207/gcc/9.3.0/amber/20/dat/leap/parm/frcmod.ions234lm_126_tip3p
Reading force field modification type file (frcmod)
Reading title:
Li/Merz ion parameters of divalent to tetravalent ions for TIP3P water model (12-6 normal usage set)
>> 
> 
> 
> ###load ions frcmod for the tip3p model
> loadamberparams frcmod.ionsjc_tip3p
Loading parameters: /apps/cuda/11.0.207/gcc/9.3.0/amber/20/dat/leap/parm/frcmod.ionsjc_tip3p
Reading force field modification type file (frcmod)
Reading title:
Monovalent ion parameters for Ewald and TIP3P water from Joung & Cheatham JPCB (2008)
> 
> ###needed so we can use igb=8 model
> set default PBradii mbondi3
Using ArgH and AspGluO modified Bondi2 radii
> 
> ###load protein pdb file
> rec=loadpdb ../001_Structure/7l14_final.pdb
Loading PDB file: ../001_Structure/7l14_final.pdb
-- residue 448: duplicate [ CA] atoms (total 2)
-- residue 448: duplicate [ CB] atoms (total 2)
-- residue 448: duplicate [ CG] atoms (total 2)
-- residue 448: duplicate [ ND2] atoms (total 2)
-- residue 448: duplicate [ OD1] atoms (total 2)

/apps/cuda/11.0.207/gcc/9.3.0/amber/20/bin/teLeap: Warning!
Atom names in each residue should be unique.
     (Same-name atoms are handled by using the first
      occurrence and by ignoring the rest.
      Frequently duplicate atom names stem from alternate
      conformations in the PDB file.)

Matching PDB residue names to LEaP variables.
Mapped residue SER, term: Terminal/beginning, seq. number: 0 to: NSER.
Mapped residue GLN, term: Terminal/last, seq. number: 305 to: CGLN.
Mapped residue SER, term: Terminal/beginning, seq. number: 306 to: NSER.
Mapped residue GLN, term: Terminal/last, seq. number: 611 to: CGLN.
  total atoms in file: 4741
  Leap added 4628 missing atoms according to residue templates:
       4628 H / lone pairs
> 
> ###load ligand frcmod/mol2
> loadamberparams ../002_Parameters/mani_ligand.am1bcc.frcmod
Loading parameters: ../002_Parameters/mani_ligand.am1bcc.frcmod
Reading force field modification type file (frcmod)
Reading title:
Remark line goes here
(UNKNOWN ATOM TYPE: nu)
(UNKNOWN ATOM TYPE: nx)
> lig=loadmol2 ../002_Parameters/mani_ligand_antechamber.mol2
Loading Mol2 file: ../002_Parameters/mani_ligand_antechamber.mol2
Reading MOLECULE named LIG
> 
> ###create gase-phase complex
> gascomplex= combine {rec lig}
  Sequence: default_name
  Sequence: LIG
> 
> ###write gas-phase pdb
> savepdb gascomplex mpro.gas.complex.pdb
Writing pdb file: mpro.gas.complex.pdb

/apps/cuda/11.0.207/gcc/9.3.0/amber/20/bin/teLeap: Warning!
 Converting N-terminal residue name to PDB format: NSER -> SER

/apps/cuda/11.0.207/gcc/9.3.0/amber/20/bin/teLeap: Warning!
 Converting C-terminal residue name to PDB format: CGLN -> GLN

/apps/cuda/11.0.207/gcc/9.3.0/amber/20/bin/teLeap: Warning!
 Converting N-terminal residue name to PDB format: NSER -> SER

/apps/cuda/11.0.207/gcc/9.3.0/amber/20/bin/teLeap: Warning!
 Converting C-terminal residue name to PDB format: CGLN -> GLN
> 
> ###write gase-phase toplogy and coord files for MMGBSA calc
> saveamberparm gascomplex mpro.complex.parm7 mpro.gas.complex.rst7
Checking Unit.

/apps/cuda/11.0.207/gcc/9.3.0/amber/20/bin/teLeap: Warning!
The unperturbed charge of the unit (-8.001002) is not zero.

/apps/cuda/11.0.207/gcc/9.3.0/amber/20/bin/teLeap: Note.
Ignoring the warning from Unit Checking.

Building topology.
Building atom parameters.
Building bond parameters.
Building angle parameters.
Building proper torsion parameters.
Building improper torsion parameters.
 total 1974 improper torsions applied
Building H-Bond parameters.
Incorporating Non-Bonded adjustments.
Not Marking per-residue atom chain types.
Marking per-residue atom chain types.
  (Residues lacking connect0/connect1 - 
   these don't have chain types marked:

	res	total affected

	CGLN	2
	LIG	1
	NSER	2
  )
 (no restraints)
> saveamberparm rec mpro.gas.receptor.parm7 mpro.gas.receptor.rst7
Checking Unit.

/apps/cuda/11.0.207/gcc/9.3.0/amber/20/bin/teLeap: Warning!
The unperturbed charge of the unit (-8.000000) is not zero.

/apps/cuda/11.0.207/gcc/9.3.0/amber/20/bin/teLeap: Note.
Ignoring the warning from Unit Checking.

Building topology.
Building atom parameters.
Building bond parameters.
Building angle parameters.
Building proper torsion parameters.
Building improper torsion parameters.
 total 1948 improper torsions applied
Building H-Bond parameters.
Incorporating Non-Bonded adjustments.
Not Marking per-residue atom chain types.
Marking per-residue atom chain types.
  (Residues lacking connect0/connect1 - 
   these don't have chain types marked:

	res	total affected

	CGLN	2
	NSER	2
  )
 (no restraints)
> saveamberparm lig mpro.gas.ligand.parm7 mpro.gas.ligand.rst7
Checking Unit.
Building topology.
Building atom parameters.
Building bond parameters.
Building angle parameters.
Building proper torsion parameters.
Building improper torsion parameters.
 total 26 improper torsions applied
Building H-Bond parameters.
Incorporating Non-Bonded adjustments.
Not Marking per-residue atom chain types.
Marking per-residue atom chain types.
  (Residues lacking connect0/connect1 - 
   these don't have chain types marked:

	res	total affected

	LIG	1
  )
 (no restraints)
> 
> ###create solvated complex (albeit redundant)
> solvcomplex= combine {rec lig}
  Sequence: default_name
  Sequence: LIG
> 
> ###solvate the system
> solvateoct solvcomplex TIP3PBOX 20.0
Scaling up box by a factor of 1.233484 to meet diagonal cut criterion
  Solute vdw bounding box:              87.130 63.984 70.438
  Total bounding box for atom centers:  136.469 136.469 136.469
      (box expansion for 'iso' is  37.2%)
  Solvent unit box:                     18.774 18.774 18.774
The number of boxes:  x= 8  y= 8  z= 8
  Volume: 1298938.180 A^3 (oct)
  Total mass 724070.874 amu,  Density 0.926 g/cc
  Added 36405 residues.
> 
> ###Neutralize system
> addions solvcomplex Cl- 0

/apps/cuda/11.0.207/gcc/9.3.0/amber/20/bin/teLeap: Warning!
addIons: 1st Ion & target unit have charges of the same sign:
     unit charge = -8.001; ion1 charge = -1;
     can't neutralize.
> addions solvcomplex Na+ 0
8 Na+ ions required to neutralize.
Adding 8 counter ions to "solvcomplex" using 1A grid
Total solute charge:  -8.00  Max atom radius:   2.00
Grid extends from solute vdw + 2.85  to  8.85
Box:
   enclosing:  -44.16 -45.35 -44.58   47.33 46.55 45.87
   sized:			      83.84 82.65 83.42
   edge:        128.00
Resolution:      1.00 Angstrom.
Tree depth: 7
Volume =  5.05% of box, grid points 105846
Solvent present: replacing closest with ion
	 when steric overlaps occur
Calculating grid charges
(Replacing solvent molecule)
Placed Na+ in solvcomplex at (25.03, -15.96, -12.98).
(Replacing solvent molecule)
Placed Na+ in solvcomplex at (13.88, 7.62, 15.99).
(Replacing solvent molecule)
Placed Na+ in solvcomplex at (-21.49, 11.93, -34.17).
(Replacing solvent molecule)
Placed Na+ in solvcomplex at (13.14, -18.70, 38.25).
(Replacing solvent molecule)
Placed Na+ in solvcomplex at (-20.08, 20.53, 13.81).
(Replacing solvent molecule)
Placed Na+ in solvcomplex at (17.75, -30.59, 30.03).
(Replacing solvent molecule)
Placed Na+ in solvcomplex at (27.23, -6.47, 6.11).
(Replacing solvent molecule)
Placed Na+ in solvcomplex at (-6.03, -20.70, -13.86).

Done adding ions.
> addIonsRand solvcomplex Cl- 117
Adding 117 counter ions to "solvcomplex". 36280 solvent molecules will remain.
0: Placed Cl- in solvcomplex at (-41.08, -1.23, -12.81).
0: Placed Cl- in solvcomplex at (-14.05, -19.35, 51.69).
0: Placed Cl- in solvcomplex at (25.92, -11.55, 38.33).
0: Placed Cl- in solvcomplex at (15.72, 50.85, 2.11).
0: Placed Cl- in solvcomplex at (12.67, -41.00, 47.05).
0: Placed Cl- in solvcomplex at (-36.08, -43.85, 4.51).
0: Placed Cl- in solvcomplex at (16.36, 37.28, -31.70).
0: Placed Cl- in solvcomplex at (25.01, -7.88, 24.34).
0: Placed Cl- in solvcomplex at (25.92, -34.55, -1.49).
0: Placed Cl- in solvcomplex at (-14.85, -59.82, -15.74).
0: Placed Cl- in solvcomplex at (-55.60, 23.78, -10.42).
0: Placed Cl- in solvcomplex at (31.69, -7.84, -41.35).
0: Placed Cl- in solvcomplex at (-3.14, 29.86, -20.18).
0: Placed Cl- in solvcomplex at (17.70, 17.57, -19.32).
0: Placed Cl- in solvcomplex at (-33.85, -24.66, -43.10).
0: Placed Cl- in solvcomplex at (-27.96, -6.40, 55.73).
0: Placed Cl- in solvcomplex at (-17.49, 53.40, 25.18).
0: Placed Cl- in solvcomplex at (-22.05, 38.20, 0.05).
0: Placed Cl- in solvcomplex at (26.93, 41.05, -23.10).
0: Placed Cl- in solvcomplex at (1.16, -23.52, -41.64).
0: Placed Cl- in solvcomplex at (42.58, -24.59, 20.61).
0: Placed Cl- in solvcomplex at (-48.65, 24.18, 32.66).
0: Placed Cl- in solvcomplex at (-21.31, 9.13, -39.40).
0: Placed Cl- in solvcomplex at (37.02, -35.53, 37.74).
0: Placed Cl- in solvcomplex at (-51.01, 4.41, -37.07).
0: Placed Cl- in solvcomplex at (-11.21, -15.45, 39.88).
0: Placed Cl- in solvcomplex at (-47.47, -33.26, 20.88).
0: Placed Cl- in solvcomplex at (42.47, -27.40, -4.88).
0: Placed Cl- in solvcomplex at (-23.08, 0.78, -50.24).
0: Placed Cl- in solvcomplex at (52.78, -29.18, -9.49).
0: Placed Cl- in solvcomplex at (24.08, -20.29, 22.63).
0: Placed Cl- in solvcomplex at (46.39, 22.36, -8.77).
0: Placed Cl- in solvcomplex at (21.72, -40.54, 13.50).
0: Placed Cl- in solvcomplex at (-14.77, 38.40, -9.80).
0: Placed Cl- in solvcomplex at (26.95, -22.17, -42.80).
0: Placed Cl- in solvcomplex at (-51.63, -40.63, -14.02).
0: Placed Cl- in solvcomplex at (22.96, -34.69, 18.24).
0: Placed Cl- in solvcomplex at (15.65, -36.03, -40.41).
0: Placed Cl- in solvcomplex at (28.59, 30.73, 30.03).
0: Placed Cl- in solvcomplex at (-35.33, -18.42, -9.95).
0: Placed Cl- in solvcomplex at (-24.50, -25.82, -39.80).
0: Placed Cl- in solvcomplex at (-27.96, -58.28, 13.08).
0: Placed Cl- in solvcomplex at (12.70, -38.47, 45.19).
0: Placed Cl- in solvcomplex at (-26.21, 20.42, -10.82).
0: Placed Cl- in solvcomplex at (7.44, 24.61, -14.29).
0: Placed Cl- in solvcomplex at (-36.42, 9.24, 9.42).
0: Placed Cl- in solvcomplex at (49.85, 43.28, -25.83).
0: Placed Cl- in solvcomplex at (58.77, -11.99, -6.46).
0: Placed Cl- in solvcomplex at (-3.06, 35.44, -19.61).
0: Placed Cl- in solvcomplex at (55.94, -34.31, -20.22).
0: Placed Cl- in solvcomplex at (-44.74, 13.77, -32.05).
0: Placed Cl- in solvcomplex at (26.54, 42.47, 21.07).
0: Placed Cl- in solvcomplex at (7.42, -11.73, 56.21).
0: Placed Cl- in solvcomplex at (-52.09, -13.02, -19.90).
0: Placed Cl- in solvcomplex at (-42.07, 34.29, 31.52).
0: Placed Cl- in solvcomplex at (-18.07, -10.60, 6.90).
0: Placed Cl- in solvcomplex at (49.09, 37.08, -27.56).
0: Placed Cl- in solvcomplex at (-57.40, 28.54, 32.08).
0: Placed Cl- in solvcomplex at (7.44, 24.61, -40.84).
0: Placed Cl- in solvcomplex at (8.63, -35.83, -32.93).
0: Placed Cl- in solvcomplex at (21.67, -7.52, -57.12).
0: Placed Cl- in solvcomplex at (-17.00, -17.27, 8.07).
0: Placed Cl- in solvcomplex at (-6.17, -0.33, -26.13).
0: Placed Cl- in solvcomplex at (8.40, 37.29, -19.59).
0: Placed Cl- in solvcomplex at (-5.51, -23.17, -35.14).
0: Placed Cl- in solvcomplex at (46.71, -8.30, 0.30).
0: Placed Cl- in solvcomplex at (41.89, -36.73, -23.51).
0: Placed Cl- in solvcomplex at (-15.95, -54.90, -27.56).
0: Placed Cl- in solvcomplex at (-30.77, -41.97, -33.50).
0: Placed Cl- in solvcomplex at (-26.61, 46.66, 19.55).
0: Placed Cl- in solvcomplex at (-32.15, -52.19, 13.70).
0: Placed Cl- in solvcomplex at (-30.66, 38.18, 45.19).
0: Placed Cl- in solvcomplex at (-36.42, 32.23, -3.85).
0: Placed Cl- in solvcomplex at (-14.74, 29.81, 29.00).
0: Placed Cl- in solvcomplex at (-18.05, 36.83, 18.67).
0: Placed Cl- in solvcomplex at (-43.27, -8.60, -22.84).
0: Placed Cl- in solvcomplex at (-3.68, 23.42, -58.31).
0: Placed Cl- in solvcomplex at (-23.15, -5.04, 50.19).
0: Placed Cl- in solvcomplex at (-38.80, 41.36, 26.36).
0: Placed Cl- in solvcomplex at (20.81, 58.85, 23.53).
0: Placed Cl- in solvcomplex at (-26.99, -44.30, 1.11).
0: Placed Cl- in solvcomplex at (-2.85, -8.42, -47.99).
0: Placed Cl- in solvcomplex at (32.15, -44.80, 18.03).
0: Placed Cl- in solvcomplex at (27.21, 32.34, 27.66).
0: Placed Cl- in solvcomplex at (26.36, -47.93, 34.62).
0: Placed Cl- in solvcomplex at (56.18, -19.01, -15.27).
0: Placed Cl- in solvcomplex at (-36.08, 7.22, 57.43).
0: Placed Cl- in solvcomplex at (-33.99, -20.37, -2.91).
0: Placed Cl- in solvcomplex at (-0.97, 37.45, -9.85).
0: Placed Cl- in solvcomplex at (-6.28, -21.73, -23.92).
0: Placed Cl- in solvcomplex at (42.83, 9.01, -20.73).
0: Placed Cl- in solvcomplex at (-50.74, -5.48, 0.58).
0: Placed Cl- in solvcomplex at (-5.36, 2.30, -46.38).
0: Placed Cl- in solvcomplex at (-2.38, -29.11, 39.95).
0: Placed Cl- in solvcomplex at (5.02, -15.22, 49.55).
0: Placed Cl- in solvcomplex at (8.50, -39.88, 2.54).
0: Placed Cl- in solvcomplex at (-40.10, 6.14, 49.50).
0: Placed Cl- in solvcomplex at (42.99, -29.47, -8.52).
0: Placed Cl- in solvcomplex at (1.75, -18.98, -20.22).
0: Placed Cl- in solvcomplex at (27.26, -36.57, -29.66).
0: Placed Cl- in solvcomplex at (-24.82, 22.19, -6.91).
0: Placed Cl- in solvcomplex at (-45.74, 24.55, 0.12).
0: Placed Cl- in solvcomplex at (45.66, -18.70, -14.85).
0: Placed Cl- in solvcomplex at (43.30, 29.35, -15.82).
0: Placed Cl- in solvcomplex at (-10.32, -21.52, -2.45).
0: Placed Cl- in solvcomplex at (38.86, 50.99, -0.64).
0: Placed Cl- in solvcomplex at (-38.33, 15.44, -30.10).
0: Placed Cl- in solvcomplex at (-51.52, -6.40, -37.72).
0: Placed Cl- in solvcomplex at (56.47, -1.23, 13.74).
0: Placed Cl- in solvcomplex at (-35.21, 37.74, -1.60).
0: Placed Cl- in solvcomplex at (56.91, 9.20, -33.53).
0: Placed Cl- in solvcomplex at (10.28, -52.26, 37.02).
0: Placed Cl- in solvcomplex at (-6.65, 45.74, -41.20).
0: Placed Cl- in solvcomplex at (-49.37, 33.89, -14.88).
0: Placed Cl- in solvcomplex at (39.38, 25.23, -32.59).
0: Placed Cl- in solvcomplex at (-54.01, 11.93, -34.17).
0: Placed Cl- in solvcomplex at (30.63, -50.60, 13.92).
> addIonsRand solvcomplex Na+ 117
Adding 117 counter ions to "solvcomplex". 36163 solvent molecules will remain.
0: Placed Na+ in solvcomplex at (28.62, 45.14, -24.10).
0: Placed Na+ in solvcomplex at (21.03, 27.91, 33.71).
0: Placed Na+ in solvcomplex at (20.21, -12.70, -69.29).
0: Placed Na+ in solvcomplex at (42.71, 35.57, -32.66).
0: Placed Na+ in solvcomplex at (-51.79, 10.37, -3.92).
0: Placed Na+ in solvcomplex at (57.62, -13.91, -35.55).
0: Placed Na+ in solvcomplex at (12.97, -13.34, -6.23).
0: Placed Na+ in solvcomplex at (0.85, -17.18, 38.55).
0: Placed Na+ in solvcomplex at (-7.88, 37.07, 30.37).
0: Placed Na+ in solvcomplex at (15.34, 2.79, -28.64).
0: Placed Na+ in solvcomplex at (12.67, -41.00, 20.50).
0: Placed Na+ in solvcomplex at (-23.15, -5.04, 23.64).
0: Placed Na+ in solvcomplex at (-37.27, -29.82, 30.89).
0: Placed Na+ in solvcomplex at (-8.31, 24.00, -43.59).
0: Placed Na+ in solvcomplex at (22.08, -38.61, -7.49).
0: Placed Na+ in solvcomplex at (-56.09, 10.72, -39.18).
0: Placed Na+ in solvcomplex at (-22.05, 15.21, 66.43).
0: Placed Na+ in solvcomplex at (-25.08, -44.37, -27.56).
0: Placed Na+ in solvcomplex at (-43.94, 33.80, 13.59).
0: Placed Na+ in solvcomplex at (-24.99, -4.03, 13.13).
0: Placed Na+ in solvcomplex at (4.80, -52.58, -20.39).
0: Placed Na+ in solvcomplex at (-47.07, 29.67, -10.50).
0: Placed Na+ in solvcomplex at (19.29, 46.01, -25.28).
0: Placed Na+ in solvcomplex at (55.80, -10.13, 13.81).
0: Placed Na+ in solvcomplex at (20.81, -10.13, 63.36).
0: Placed Na+ in solvcomplex at (26.66, 35.75, -35.56).
0: Placed Na+ in solvcomplex at (-14.40, -8.11, 57.43).
0: Placed Na+ in solvcomplex at (-21.69, -22.85, -4.02).
0: Placed Na+ in solvcomplex at (-28.61, 4.41, 1.97).
0: Placed Na+ in solvcomplex at (-4.76, -29.82, -48.77).
0: Placed Na+ in solvcomplex at (-11.49, 4.91, 46.99).
0: Placed Na+ in solvcomplex at (-16.70, 43.42, 4.27).
0: Placed Na+ in solvcomplex at (-25.39, 37.33, -23.77).
0: Placed Na+ in solvcomplex at (35.67, 8.01, -31.53).
0: Placed Na+ in solvcomplex at (42.86, 5.73, 33.08).
0: Placed Na+ in solvcomplex at (2.55, -4.59, -65.13).
0: Placed Na+ in solvcomplex at (-49.22, 43.42, 30.82).
0: Placed Na+ in solvcomplex at (42.62, 26.67, -36.72).
0: Placed Na+ in solvcomplex at (-9.78, -45.77, -9.82).
0: Placed Na+ in solvcomplex at (-43.73, 30.54, 39.88).
0: Placed Na+ in solvcomplex at (50.63, -36.19, -8.77).
0: Placed Na+ in solvcomplex at (-5.53, -35.70, 2.63).
0: Placed Na+ in solvcomplex at (-40.10, -16.86, 9.67).
0: Placed Na+ in solvcomplex at (19.29, -14.47, -27.43).
0: Placed Na+ in solvcomplex at (-5.82, -30.55, 49.55).
0: Placed Na+ in solvcomplex at (21.53, 17.57, -47.43).
0: Placed Na+ in solvcomplex at (-42.48, 15.38, -0.86).
0: Placed Na+ in solvcomplex at (21.62, 4.80, -56.50).
0: Placed Na+ in solvcomplex at (-9.45, 17.67, 53.95).
0: Placed Na+ in solvcomplex at (-57.51, -27.02, 26.40).
0: Placed Na+ in solvcomplex at (28.11, -49.41, -40.33).
0: Placed Na+ in solvcomplex at (8.32, 41.47, 3.41).
0: Placed Na+ in solvcomplex at (-41.50, 45.84, 5.37).
0: Placed Na+ in solvcomplex at (46.97, 35.39, 6.90).
0: Placed Na+ in solvcomplex at (-18.22, 40.51, 53.69).
0: Placed Na+ in solvcomplex at (-10.80, -40.54, -39.60).
0: Placed Na+ in solvcomplex at (11.69, -1.85, -67.66).
0: Placed Na+ in solvcomplex at (4.08, -45.10, -4.22).
0: Placed Na+ in solvcomplex at (44.48, -21.16, -16.08).
0: Placed Na+ in solvcomplex at (15.21, -44.90, 41.42).
0: Placed Na+ in solvcomplex at (6.23, 56.92, 35.14).
0: Placed Na+ in solvcomplex at (15.73, -2.46, 61.84).
0: Placed Na+ in solvcomplex at (-39.26, 37.13, 12.21).
0: Placed Na+ in solvcomplex at (29.31, 13.21, 5.53).
0: Placed Na+ in solvcomplex at (-22.94, 53.80, 35.07).
0: Placed Na+ in solvcomplex at (-4.54, 28.08, -24.10).
0: Placed Na+ in solvcomplex at (-20.52, -4.19, 15.44).
0: Placed Na+ in solvcomplex at (31.65, 5.20, 10.26).
0: Placed Na+ in solvcomplex at (-6.03, -43.69, -27.13).
0: Placed Na+ in solvcomplex at (-27.64, -10.46, 28.66).
0: Placed Na+ in solvcomplex at (-57.03, 28.41, -1.65).
0: Placed Na+ in solvcomplex at (-41.01, 33.24, -3.21).
0: Placed Na+ in solvcomplex at (22.84, 11.14, -37.66).
0: Placed Na+ in solvcomplex at (-29.66, 47.06, 9.13).
0: Placed Na+ in solvcomplex at (39.68, -7.24, 47.89).
0: Placed Na+ in solvcomplex at (27.15, -43.68, -46.38).
0: Placed Na+ in solvcomplex at (-40.32, -23.04, 15.99).
0: Placed Na+ in solvcomplex at (-41.52, 20.32, -6.06).
0: Placed Na+ in solvcomplex at (5.95, -3.42, 59.47).
0: Placed Na+ in solvcomplex at (-34.91, 15.36, 27.82).
0: Placed Na+ in solvcomplex at (-38.68, -1.94, 34.62).
0: Placed Na+ in solvcomplex at (-33.49, -31.53, -23.12).
0: Placed Na+ in solvcomplex at (-52.80, 25.33, 14.13).
0: Placed Na+ in solvcomplex at (48.60, -20.26, 3.45).
0: Placed Na+ in solvcomplex at (-30.40, -58.99, -14.53).
0: Placed Na+ in solvcomplex at (-47.76, -18.75, -13.78).
0: Placed Na+ in solvcomplex at (3.63, 44.50, 31.95).
0: Placed Na+ in solvcomplex at (29.33, -36.69, -27.77).
0: Placed Na+ in solvcomplex at (45.48, -43.66, 12.02).
0: Placed Na+ in solvcomplex at (-17.33, -60.82, 9.41).
0: Placed Na+ in solvcomplex at (-8.17, -14.06, -50.99).
0: Placed Na+ in solvcomplex at (25.87, 45.74, -14.65).
0: Placed Na+ in solvcomplex at (57.81, 4.73, 33.45).
0: Placed Na+ in solvcomplex at (-3.40, -43.22, -3.62).
0: Placed Na+ in solvcomplex at (-16.08, 25.87, 23.49).
0: Placed Na+ in solvcomplex at (-16.87, 31.74, 19.44).
0: Placed Na+ in solvcomplex at (-29.42, -24.32, 41.08).
0: Placed Na+ in solvcomplex at (31.76, 16.96, -48.50).
0: Placed Na+ in solvcomplex at (-46.50, 14.53, 32.92).
0: Placed Na+ in solvcomplex at (-44.23, 12.86, 50.08).
0: Placed Na+ in solvcomplex at (-52.91, -4.04, -34.86).
0: Placed Na+ in solvcomplex at (27.40, 14.15, 15.31).
0: Placed Na+ in solvcomplex at (7.63, -57.67, 11.87).
0: Placed Na+ in solvcomplex at (-13.98, -54.45, -33.46).
0: Placed Na+ in solvcomplex at (15.18, -14.83, 62.51).
0: Placed Na+ in solvcomplex at (-19.15, 54.66, -17.04).
0: Placed Na+ in solvcomplex at (49.66, -10.24, -37.37).
0: Placed Na+ in solvcomplex at (13.51, 16.60, 28.66).
0: Placed Na+ in solvcomplex at (13.93, -31.98, 1.26).
0: Placed Na+ in solvcomplex at (3.33, 53.44, -2.21).
0: Placed Na+ in solvcomplex at (-26.61, 0.67, 19.55).
0: Placed Na+ in solvcomplex at (49.79, -18.75, -13.78).
0: Placed Na+ in solvcomplex at (51.81, 8.52, 38.95).
0: Placed Na+ in solvcomplex at (-7.23, -18.26, -32.93).
0: Placed Na+ in solvcomplex at (40.05, -4.03, -13.42).
0: Placed Na+ in solvcomplex at (1.53, -43.33, -10.96).
0: Placed Na+ in solvcomplex at (48.91, 24.18, 6.11).
> 
> #write solvated pdb file
> savepdb solvcomplex mpro.wet.complex.pdb
Writing pdb file: mpro.wet.complex.pdb
   printing CRYST1 record to PDB file with box info

/apps/cuda/11.0.207/gcc/9.3.0/amber/20/bin/teLeap: Warning!
 Converting N-terminal residue name to PDB format: NSER -> SER

/apps/cuda/11.0.207/gcc/9.3.0/amber/20/bin/teLeap: Warning!
 Converting C-terminal residue name to PDB format: CGLN -> GLN

/apps/cuda/11.0.207/gcc/9.3.0/amber/20/bin/teLeap: Warning!
 Converting N-terminal residue name to PDB format: NSER -> SER

/apps/cuda/11.0.207/gcc/9.3.0/amber/20/bin/teLeap: Warning!
 Converting C-terminal residue name to PDB format: CGLN -> GLN
> 
> ###check the system
> charge solvcomplex
Total unperturbed charge:  -0.001002
Total perturbed charge:    -0.001002
> check solvcomplex
Checking 'solvcomplex'....

/apps/cuda/11.0.207/gcc/9.3.0/amber/20/bin/teLeap: Warning!
Close contact of 1.299603 angstroms between .R<TYR 488>.A<HH 15> and .R<ILE 412>.A<H 2>

/apps/cuda/11.0.207/gcc/9.3.0/amber/20/bin/teLeap: Warning!
Close contact of 1.331696 angstroms between .R<SER 450>.A<HG 9> and .R<PHE 446>.A<HB3 7>

/apps/cuda/11.0.207/gcc/9.3.0/amber/20/bin/teLeap: Warning!
Close contact of 1.076944 angstroms between .R<LEU 447>.A<H 2> and .R<TYR 424>.A<HH 15>

/apps/cuda/11.0.207/gcc/9.3.0/amber/20/bin/teLeap: Warning!
Close contact of 1.170817 angstroms between .R<SER 419>.A<HG 9> and .R<PHE 314>.A<H 2>

/apps/cuda/11.0.207/gcc/9.3.0/amber/20/bin/teLeap: Warning!
Close contact of 1.441613 angstroms between .R<THR 404>.A<HG1 12> and .R<ASP 339>.A<H 2>

/apps/cuda/11.0.207/gcc/9.3.0/amber/20/bin/teLeap: Warning!
Close contact of 1.461495 angstroms between .R<PHE 294>.A<HB2 6> and .R<LIG 613>.A<HC26 75>

/apps/cuda/11.0.207/gcc/9.3.0/amber/20/bin/teLeap: Warning!
Close contact of 1.198108 angstroms between .R<TYR 182>.A<HH 15> and .R<ILE 106>.A<H 2>

/apps/cuda/11.0.207/gcc/9.3.0/amber/20/bin/teLeap: Warning!
Close contact of 1.388595 angstroms between .R<SER 144>.A<HG 9> and .R<PHE 140>.A<HB3 7>

/apps/cuda/11.0.207/gcc/9.3.0/amber/20/bin/teLeap: Warning!
Close contact of 0.938253 angstroms between .R<LEU 141>.A<H 2> and .R<TYR 118>.A<HH 15>

/apps/cuda/11.0.207/gcc/9.3.0/amber/20/bin/teLeap: Warning!
Close contact of 1.038655 angstroms between .R<SER 113>.A<HG 9> and .R<PHE 8>.A<H 2>

/apps/cuda/11.0.207/gcc/9.3.0/amber/20/bin/teLeap: Warning!
Close contact of 1.440863 angstroms between .R<THR 98>.A<HG1 12> and .R<ASP 33>.A<H 2>

/apps/cuda/11.0.207/gcc/9.3.0/amber/20/bin/teLeap: Warning!
Close contact of 1.457509 angstroms between .R<LIG 613>.A<HC22 71> and .R<LIG 613>.A<H1 33>
Checking parameters for unit 'solvcomplex'.
Checking for bond parameters.
Checking for angle parameters.
check:  Warnings: 12
Unit is OK.
> 
> ###write solvated toplogy and coordinate file
> saveamberparm solvcomplex mpro.wet.complex.parm7 mpro.wet.complex.rst7
Checking Unit.
Building topology.
Building atom parameters.
Building bond parameters.
Building angle parameters.
Building proper torsion parameters.
Building improper torsion parameters.
 total 1974 improper torsions applied
Building H-Bond parameters.
Incorporating Non-Bonded adjustments.
Not Marking per-residue atom chain types.
Marking per-residue atom chain types.
  (Residues lacking connect0/connect1 - 
   these don't have chain types marked:

	res	total affected

	CGLN	2
	LIG	1
	NSER	2
	WAT	36163
  )
 (no restraints)
> quit
	Quit

Exiting LEaP: Errors = 0; Warnings = 24; Notes = 2.
